debug: Tue, 26 Nov 2024 13:58:54 GMT
debug: Project: /Users/shivam/Desktop/FlappyBird
debug: Targets: editor,preview
debug: Incremental file seems great.
debug: Engine path: /Applications/Cocos/Creator/3.8.1/CocosCreator.app/Contents/Resources/resources/3d/engine
debug: Initializing target [Editor]
debug: Loading cache
debug: Loading cache costs 0.8667920008301735ms.
debug: Engine features shipped in editor: base,gfx-webgl,gfx-webgl2,gfx-empty,3d,animation,skeletal-animation,2d,ui,particle,particle-2d,physics-framework,physics-2d-framework,physics-2d-box2d-wasm,intersection-2d,primitive,profiler,occlusion-query,geometry-renderer,debug-renderer,audio,video,xr,light-probe,terrain,webview,tween,tiled-map,spine,dragon-bones,marionette,procedural-animation,custom-pipeline,websocket,websocket-server
debug: Our import map(foo:/bar): {
  "imports": {
    "cc": "cce:/internal/x/cc"
  }
}
debug: Initializing target [Preview]
debug: Loading cache
debug: Loading cache costs 0.9885419979691505ms.
debug: Our import map(foo:/bar): {
  "imports": {
    "cc": "cce:/internal/x/cc"
  }
}
debug: Sync engine features: 2d,animation,audio,base,dragon-bones,gfx-webgl,gfx-webgl2,intersection-2d,particle-2d,physics-2d-box2d,profiler,spine,tiled-map,tween,ui,video,webview
debug: Reset databases. Enumerated domains: [
  {
    "root": "db://internal/",
    "physical": "/Applications/Cocos/Creator/3.8.1/CocosCreator.app/Contents/Resources/resources/3d/engine/editor/assets"
  },
  {
    "root": "db://assets/",
    "physical": "/Users/shivam/Desktop/FlappyBird/assets"
  }
]
debug: Our import map(foo:/bar): {
  "imports": {
    "cc": "cce:/internal/x/cc",
    "db://internal/": "file:///Applications/Cocos/Creator/3.8.1/CocosCreator.app/Contents/Resources/resources/3d/engine/editor/assets/",
    "db://assets/": "file:///Users/shivam/Desktop/FlappyBird/assets/"
  }
}
debug: Our import map(foo:/bar): {
  "imports": {
    "cc": "cce:/internal/x/cc",
    "db://internal/": "file:///Applications/Cocos/Creator/3.8.1/CocosCreator.app/Contents/Resources/resources/3d/engine/editor/assets/",
    "db://assets/": "file:///Users/shivam/Desktop/FlappyBird/assets/"
  }
}
debug: Pulling asset-db.
debug: Fetch asset-db cost: 6.033082999289036ms.
debug: Build iteration starts.
Number of accumulated asset changes: 9
Feature changed: false
debug: Target(editor) build started.
debug: Detected change: cce:/internal/x/cc. Last mtime: Thu Jan 01 1970 05:30:06 GMT+0530 (India Standard Time), Current mtime: Thu Jan 01 1970 05:30:03 GMT+0530 (India Standard Time)
debug: Inspect cce:/internal/x/cc
debug: Resolve cce:/internal/x/cc-fu/base from cce:/internal/x/cc as external dependency cce:/internal/x/cc-fu/base.
debug: Resolve cce:/internal/x/cc-fu/gfx-webgl from cce:/internal/x/cc as external dependency cce:/internal/x/cc-fu/gfx-webgl.
debug: Resolve cce:/internal/x/cc-fu/gfx-webgl2 from cce:/internal/x/cc as external dependency cce:/internal/x/cc-fu/gfx-webgl2.
debug: Resolve cce:/internal/x/cc-fu/gfx-empty from cce:/internal/x/cc as external dependency cce:/internal/x/cc-fu/gfx-empty.
debug: Resolve cce:/internal/x/cc-fu/3d from cce:/internal/x/cc as external dependency cce:/internal/x/cc-fu/3d.
debug: Resolve cce:/internal/x/cc-fu/animation from cce:/internal/x/cc as external dependency cce:/internal/x/cc-fu/animation.
debug: Resolve cce:/internal/x/cc-fu/skeletal-animation from cce:/internal/x/cc as external dependency cce:/internal/x/cc-fu/skeletal-animation.
debug: Resolve cce:/internal/x/cc-fu/2d from cce:/internal/x/cc as external dependency cce:/internal/x/cc-fu/2d.
debug: Resolve cce:/internal/x/cc-fu/sorting from cce:/internal/x/cc as external dependency cce:/internal/x/cc-fu/sorting.
debug: Resolve cce:/internal/x/cc-fu/ui from cce:/internal/x/cc as external dependency cce:/internal/x/cc-fu/ui.
debug: Resolve cce:/internal/x/cc-fu/particle from cce:/internal/x/cc as external dependency cce:/internal/x/cc-fu/particle.
debug: Resolve cce:/internal/x/cc-fu/particle-2d from cce:/internal/x/cc as external dependency cce:/internal/x/cc-fu/particle-2d.
debug: Resolve cce:/internal/x/cc-fu/physics-framework from cce:/internal/x/cc as external dependency cce:/internal/x/cc-fu/physics-framework.
debug: Resolve cce:/internal/x/cc-fu/physics-2d-framework from cce:/internal/x/cc as external dependency cce:/internal/x/cc-fu/physics-2d-framework.
debug: Resolve cce:/internal/x/cc-fu/physics-2d-box2d-wasm from cce:/internal/x/cc as external dependency cce:/internal/x/cc-fu/physics-2d-box2d-wasm.
debug: Resolve cce:/internal/x/cc-fu/intersection-2d from cce:/internal/x/cc as external dependency cce:/internal/x/cc-fu/intersection-2d.
debug: Resolve cce:/internal/x/cc-fu/primitive from cce:/internal/x/cc as external dependency cce:/internal/x/cc-fu/primitive.
debug: Resolve cce:/internal/x/cc-fu/profiler from cce:/internal/x/cc as external dependency cce:/internal/x/cc-fu/profiler.
debug: Resolve cce:/internal/x/cc-fu/geometry-renderer from cce:/internal/x/cc as external dependency cce:/internal/x/cc-fu/geometry-renderer.
debug: Resolve cce:/internal/x/cc-fu/audio from cce:/internal/x/cc as external dependency cce:/internal/x/cc-fu/audio.
debug: Resolve cce:/internal/x/cc-fu/video from cce:/internal/x/cc as external dependency cce:/internal/x/cc-fu/video.
debug: Resolve cce:/internal/x/cc-fu/xr from cce:/internal/x/cc as external dependency cce:/internal/x/cc-fu/xr.
debug: Resolve cce:/internal/x/cc-fu/light-probe from cce:/internal/x/cc as external dependency cce:/internal/x/cc-fu/light-probe.
debug: Resolve cce:/internal/x/cc-fu/terrain from cce:/internal/x/cc as external dependency cce:/internal/x/cc-fu/terrain.
debug: Resolve cce:/internal/x/cc-fu/webview from cce:/internal/x/cc as external dependency cce:/internal/x/cc-fu/webview.
debug: Resolve cce:/internal/x/cc-fu/tween from cce:/internal/x/cc as external dependency cce:/internal/x/cc-fu/tween.
debug: Resolve cce:/internal/x/cc-fu/tiled-map from cce:/internal/x/cc as external dependency cce:/internal/x/cc-fu/tiled-map.
debug: Resolve cce:/internal/x/cc-fu/spine from cce:/internal/x/cc as external dependency cce:/internal/x/cc-fu/spine.
debug: Resolve cce:/internal/x/cc-fu/dragon-bones from cce:/internal/x/cc as external dependency cce:/internal/x/cc-fu/dragon-bones.
debug: Resolve cce:/internal/x/cc-fu/custom-pipeline from cce:/internal/x/cc as external dependency cce:/internal/x/cc-fu/custom-pipeline.
debug: Detected change: cce:/internal/x/prerequisite-imports. Last mtime: Thu Jan 01 1970 05:30:07 GMT+0530 (India Standard Time), Current mtime: Thu Jan 01 1970 05:30:06 GMT+0530 (India Standard Time)
debug: Inspect cce:/internal/x/prerequisite-imports
debug: Resolve file:///Applications/Cocos/Creator/3.8.1/CocosCreator.app/Contents/Resources/resources/3d/engine/editor/assets/tools/debug-view-runtime-control.ts from cce:/internal/x/prerequisite-imports as file:///Applications/Cocos/Creator/3.8.1/CocosCreator.app/Contents/Resources/resources/3d/engine/editor/assets/tools/debug-view-runtime-control.ts.
debug: Resolve cc from file:///Applications/Cocos/Creator/3.8.1/CocosCreator.app/Contents/Resources/resources/3d/engine/editor/assets/tools/debug-view-runtime-control.ts as cce:/internal/x/cc.
debug: Resolve cc from file:///Applications/Cocos/Creator/3.8.1/CocosCreator.app/Contents/Resources/resources/3d/engine/editor/assets/tools/debug-view-runtime-control.ts as cce:/internal/x/cc.
debug: Resolve cc from file:///Applications/Cocos/Creator/3.8.1/CocosCreator.app/Contents/Resources/resources/3d/engine/editor/assets/tools/debug-view-runtime-control.ts as cce:/internal/x/cc.
debug: Resolve file:///Users/shivam/Desktop/FlappyBird/assets/Scripts/Bird.ts from cce:/internal/x/prerequisite-imports as file:///Users/shivam/Desktop/FlappyBird/assets/Scripts/Bird.ts.
debug: Resolve cc from file:///Users/shivam/Desktop/FlappyBird/assets/Scripts/Bird.ts as cce:/internal/x/cc.
debug: Resolve cc from file:///Users/shivam/Desktop/FlappyBird/assets/Scripts/Bird.ts as cce:/internal/x/cc.
debug: Resolve cc from file:///Users/shivam/Desktop/FlappyBird/assets/Scripts/Bird.ts as cce:/internal/x/cc.
debug: Resolve file:///Users/shivam/Desktop/FlappyBird/assets/Scripts/BirdAudio.ts from cce:/internal/x/prerequisite-imports as file:///Users/shivam/Desktop/FlappyBird/assets/Scripts/BirdAudio.ts.
debug: Resolve cc from file:///Users/shivam/Desktop/FlappyBird/assets/Scripts/BirdAudio.ts as cce:/internal/x/cc.
debug: Resolve cc from file:///Users/shivam/Desktop/FlappyBird/assets/Scripts/BirdAudio.ts as cce:/internal/x/cc.
debug: Resolve cc from file:///Users/shivam/Desktop/FlappyBird/assets/Scripts/BirdAudio.ts as cce:/internal/x/cc.
debug: Resolve file:///Users/shivam/Desktop/FlappyBird/assets/Scripts/GameCtrl.ts from cce:/internal/x/prerequisite-imports as file:///Users/shivam/Desktop/FlappyBird/assets/Scripts/GameCtrl.ts.
debug: Resolve cce:/internal/code-quality/cr.mjs from file:///Users/shivam/Desktop/FlappyBird/assets/Scripts/GameCtrl.ts as cce:/internal/code-quality/cr.mjs.
debug: Detected change: cce:/internal/code-quality/cr.mjs. Last mtime: Tue Nov 26 2024 19:27:54 GMT+0530 (India Standard Time), Current mtime: Tue Nov 26 2024 19:28:50 GMT+0530 (India Standard Time)
debug: Inspect cce:/internal/code-quality/cr.mjs
debug: Resolve cc from file:///Users/shivam/Desktop/FlappyBird/assets/Scripts/GameCtrl.ts as cce:/internal/x/cc.
debug: Resolve cc from file:///Users/shivam/Desktop/FlappyBird/assets/Scripts/GameCtrl.ts as cce:/internal/x/cc.
debug: Resolve cc from file:///Users/shivam/Desktop/FlappyBird/assets/Scripts/GameCtrl.ts as cce:/internal/x/cc.
debug: Resolve ./Ground from file:///Users/shivam/Desktop/FlappyBird/assets/Scripts/GameCtrl.ts as file:///Users/shivam/Desktop/FlappyBird/assets/Scripts/Ground.ts.
debug: Resolve cc from file:///Users/shivam/Desktop/FlappyBird/assets/Scripts/Ground.ts as cce:/internal/x/cc.
debug: Resolve cc from file:///Users/shivam/Desktop/FlappyBird/assets/Scripts/Ground.ts as cce:/internal/x/cc.
debug: Resolve cc from file:///Users/shivam/Desktop/FlappyBird/assets/Scripts/Ground.ts as cce:/internal/x/cc.
debug: Resolve ./Results from file:///Users/shivam/Desktop/FlappyBird/assets/Scripts/GameCtrl.ts as file:///Users/shivam/Desktop/FlappyBird/assets/Scripts/Results.ts.
debug: Resolve cc from file:///Users/shivam/Desktop/FlappyBird/assets/Scripts/Results.ts as cce:/internal/x/cc.
debug: Resolve cc from file:///Users/shivam/Desktop/FlappyBird/assets/Scripts/Results.ts as cce:/internal/x/cc.
debug: Resolve cc from file:///Users/shivam/Desktop/FlappyBird/assets/Scripts/Results.ts as cce:/internal/x/cc.
debug: Resolve ./Bird from file:///Users/shivam/Desktop/FlappyBird/assets/Scripts/GameCtrl.ts as file:///Users/shivam/Desktop/FlappyBird/assets/Scripts/Bird.ts.
debug: Resolve ./BirdAudio from file:///Users/shivam/Desktop/FlappyBird/assets/Scripts/GameCtrl.ts as file:///Users/shivam/Desktop/FlappyBird/assets/Scripts/BirdAudio.ts.
debug: Resolve ./StopResume from file:///Users/shivam/Desktop/FlappyBird/assets/Scripts/GameCtrl.ts as file:///Users/shivam/Desktop/FlappyBird/assets/Scripts/StopResume.ts.
debug: Resolve cc from file:///Users/shivam/Desktop/FlappyBird/assets/Scripts/StopResume.ts as cce:/internal/x/cc.
debug: Resolve cc from file:///Users/shivam/Desktop/FlappyBird/assets/Scripts/StopResume.ts as cce:/internal/x/cc.
debug: Resolve cc from file:///Users/shivam/Desktop/FlappyBird/assets/Scripts/StopResume.ts as cce:/internal/x/cc.
debug: Resolve ./PipePool from file:///Users/shivam/Desktop/FlappyBird/assets/Scripts/GameCtrl.ts as file:///Users/shivam/Desktop/FlappyBird/assets/Scripts/PipePool.ts.
debug: Resolve cc from file:///Users/shivam/Desktop/FlappyBird/assets/Scripts/PipePool.ts as cce:/internal/x/cc.
debug: Resolve cc from file:///Users/shivam/Desktop/FlappyBird/assets/Scripts/PipePool.ts as cce:/internal/x/cc.
debug: Resolve cc from file:///Users/shivam/Desktop/FlappyBird/assets/Scripts/PipePool.ts as cce:/internal/x/cc.
debug: Resolve file:///Users/shivam/Desktop/FlappyBird/assets/Scripts/Ground.ts from cce:/internal/x/prerequisite-imports as file:///Users/shivam/Desktop/FlappyBird/assets/Scripts/Ground.ts.
debug: Resolve file:///Users/shivam/Desktop/FlappyBird/assets/Scripts/PipePool.ts from cce:/internal/x/prerequisite-imports as file:///Users/shivam/Desktop/FlappyBird/assets/Scripts/PipePool.ts.
debug: Resolve file:///Users/shivam/Desktop/FlappyBird/assets/Scripts/Pipes.ts from cce:/internal/x/prerequisite-imports as file:///Users/shivam/Desktop/FlappyBird/assets/Scripts/Pipes.ts.
debug: Resolve cc from file:///Users/shivam/Desktop/FlappyBird/assets/Scripts/Pipes.ts as cce:/internal/x/cc.
debug: Resolve cc from file:///Users/shivam/Desktop/FlappyBird/assets/Scripts/Pipes.ts as cce:/internal/x/cc.
debug: Resolve cc from file:///Users/shivam/Desktop/FlappyBird/assets/Scripts/Pipes.ts as cce:/internal/x/cc.
debug: Resolve file:///Users/shivam/Desktop/FlappyBird/assets/Scripts/Results.ts from cce:/internal/x/prerequisite-imports as file:///Users/shivam/Desktop/FlappyBird/assets/Scripts/Results.ts.
debug: Resolve file:///Users/shivam/Desktop/FlappyBird/assets/Scripts/StopResume.ts from cce:/internal/x/prerequisite-imports as file:///Users/shivam/Desktop/FlappyBird/assets/Scripts/StopResume.ts.
debug: Target(editor) ends with cost 52.535457998514175ms.
debug: Target(preview) build started.
debug: Detected change: cce:/internal/x/cc. Last mtime: Thu Jan 01 1970 05:30:06 GMT+0530 (India Standard Time), Current mtime: Thu Jan 01 1970 05:30:06 GMT+0530 (India Standard Time)
debug: Inspect cce:/internal/x/cc
debug: Resolve cce:/internal/x/cc-fu/2d from cce:/internal/x/cc as external dependency cce:/internal/x/cc-fu/2d.
debug: Resolve cce:/internal/x/cc-fu/sorting from cce:/internal/x/cc as external dependency cce:/internal/x/cc-fu/sorting.
debug: Resolve cce:/internal/x/cc-fu/animation from cce:/internal/x/cc as external dependency cce:/internal/x/cc-fu/animation.
debug: Resolve cce:/internal/x/cc-fu/audio from cce:/internal/x/cc as external dependency cce:/internal/x/cc-fu/audio.
debug: Resolve cce:/internal/x/cc-fu/base from cce:/internal/x/cc as external dependency cce:/internal/x/cc-fu/base.
debug: Resolve cce:/internal/x/cc-fu/dragon-bones from cce:/internal/x/cc as external dependency cce:/internal/x/cc-fu/dragon-bones.
debug: Resolve cce:/internal/x/cc-fu/gfx-webgl from cce:/internal/x/cc as external dependency cce:/internal/x/cc-fu/gfx-webgl.
debug: Resolve cce:/internal/x/cc-fu/gfx-webgl2 from cce:/internal/x/cc as external dependency cce:/internal/x/cc-fu/gfx-webgl2.
debug: Resolve cce:/internal/x/cc-fu/intersection-2d from cce:/internal/x/cc as external dependency cce:/internal/x/cc-fu/intersection-2d.
debug: Resolve cce:/internal/x/cc-fu/particle-2d from cce:/internal/x/cc as external dependency cce:/internal/x/cc-fu/particle-2d.
debug: Resolve cce:/internal/x/cc-fu/physics-2d-box2d from cce:/internal/x/cc as external dependency cce:/internal/x/cc-fu/physics-2d-box2d.
debug: Resolve cce:/internal/x/cc-fu/physics-2d-framework from cce:/internal/x/cc as external dependency cce:/internal/x/cc-fu/physics-2d-framework.
debug: Resolve cce:/internal/x/cc-fu/profiler from cce:/internal/x/cc as external dependency cce:/internal/x/cc-fu/profiler.
debug: Resolve cce:/internal/x/cc-fu/spine from cce:/internal/x/cc as external dependency cce:/internal/x/cc-fu/spine.
debug: Resolve cce:/internal/x/cc-fu/tiled-map from cce:/internal/x/cc as external dependency cce:/internal/x/cc-fu/tiled-map.
debug: Resolve cce:/internal/x/cc-fu/tween from cce:/internal/x/cc as external dependency cce:/internal/x/cc-fu/tween.
debug: Resolve cce:/internal/x/cc-fu/ui from cce:/internal/x/cc as external dependency cce:/internal/x/cc-fu/ui.
debug: Resolve cce:/internal/x/cc-fu/video from cce:/internal/x/cc as external dependency cce:/internal/x/cc-fu/video.
debug: Resolve cce:/internal/x/cc-fu/webview from cce:/internal/x/cc as external dependency cce:/internal/x/cc-fu/webview.
debug: Detected change: cce:/internal/x/prerequisite-imports. Last mtime: Thu Jan 01 1970 05:30:07 GMT+0530 (India Standard Time), Current mtime: Thu Jan 01 1970 05:30:06 GMT+0530 (India Standard Time)
debug: Inspect cce:/internal/x/prerequisite-imports
debug: Resolve file:///Applications/Cocos/Creator/3.8.1/CocosCreator.app/Contents/Resources/resources/3d/engine/editor/assets/tools/debug-view-runtime-control.ts from cce:/internal/x/prerequisite-imports as file:///Applications/Cocos/Creator/3.8.1/CocosCreator.app/Contents/Resources/resources/3d/engine/editor/assets/tools/debug-view-runtime-control.ts.
debug: Resolve cc from file:///Applications/Cocos/Creator/3.8.1/CocosCreator.app/Contents/Resources/resources/3d/engine/editor/assets/tools/debug-view-runtime-control.ts as cce:/internal/x/cc.
debug: Resolve cc from file:///Applications/Cocos/Creator/3.8.1/CocosCreator.app/Contents/Resources/resources/3d/engine/editor/assets/tools/debug-view-runtime-control.ts as cce:/internal/x/cc.
debug: Resolve cc from file:///Applications/Cocos/Creator/3.8.1/CocosCreator.app/Contents/Resources/resources/3d/engine/editor/assets/tools/debug-view-runtime-control.ts as cce:/internal/x/cc.
debug: Resolve file:///Users/shivam/Desktop/FlappyBird/assets/Scripts/Bird.ts from cce:/internal/x/prerequisite-imports as file:///Users/shivam/Desktop/FlappyBird/assets/Scripts/Bird.ts.
debug: Resolve cc from file:///Users/shivam/Desktop/FlappyBird/assets/Scripts/Bird.ts as cce:/internal/x/cc.
debug: Resolve cc from file:///Users/shivam/Desktop/FlappyBird/assets/Scripts/Bird.ts as cce:/internal/x/cc.
debug: Resolve cc from file:///Users/shivam/Desktop/FlappyBird/assets/Scripts/Bird.ts as cce:/internal/x/cc.
debug: Resolve file:///Users/shivam/Desktop/FlappyBird/assets/Scripts/BirdAudio.ts from cce:/internal/x/prerequisite-imports as file:///Users/shivam/Desktop/FlappyBird/assets/Scripts/BirdAudio.ts.
debug: Resolve cc from file:///Users/shivam/Desktop/FlappyBird/assets/Scripts/BirdAudio.ts as cce:/internal/x/cc.
debug: Resolve cc from file:///Users/shivam/Desktop/FlappyBird/assets/Scripts/BirdAudio.ts as cce:/internal/x/cc.
debug: Resolve cc from file:///Users/shivam/Desktop/FlappyBird/assets/Scripts/BirdAudio.ts as cce:/internal/x/cc.
debug: Resolve file:///Users/shivam/Desktop/FlappyBird/assets/Scripts/GameCtrl.ts from cce:/internal/x/prerequisite-imports as file:///Users/shivam/Desktop/FlappyBird/assets/Scripts/GameCtrl.ts.
debug: Resolve cce:/internal/code-quality/cr.mjs from file:///Users/shivam/Desktop/FlappyBird/assets/Scripts/GameCtrl.ts as cce:/internal/code-quality/cr.mjs.
debug: Detected change: cce:/internal/code-quality/cr.mjs. Last mtime: Tue Nov 26 2024 19:27:54 GMT+0530 (India Standard Time), Current mtime: Tue Nov 26 2024 19:28:50 GMT+0530 (India Standard Time)
debug: Inspect cce:/internal/code-quality/cr.mjs
debug: Resolve cc from file:///Users/shivam/Desktop/FlappyBird/assets/Scripts/GameCtrl.ts as cce:/internal/x/cc.
debug: Resolve cc from file:///Users/shivam/Desktop/FlappyBird/assets/Scripts/GameCtrl.ts as cce:/internal/x/cc.
debug: Resolve cc from file:///Users/shivam/Desktop/FlappyBird/assets/Scripts/GameCtrl.ts as cce:/internal/x/cc.
debug: Resolve ./Ground from file:///Users/shivam/Desktop/FlappyBird/assets/Scripts/GameCtrl.ts as file:///Users/shivam/Desktop/FlappyBird/assets/Scripts/Ground.ts.
debug: Resolve cc from file:///Users/shivam/Desktop/FlappyBird/assets/Scripts/Ground.ts as cce:/internal/x/cc.
debug: Resolve cc from file:///Users/shivam/Desktop/FlappyBird/assets/Scripts/Ground.ts as cce:/internal/x/cc.
debug: Resolve cc from file:///Users/shivam/Desktop/FlappyBird/assets/Scripts/Ground.ts as cce:/internal/x/cc.
debug: Resolve ./Results from file:///Users/shivam/Desktop/FlappyBird/assets/Scripts/GameCtrl.ts as file:///Users/shivam/Desktop/FlappyBird/assets/Scripts/Results.ts.
debug: Resolve cc from file:///Users/shivam/Desktop/FlappyBird/assets/Scripts/Results.ts as cce:/internal/x/cc.
debug: Resolve cc from file:///Users/shivam/Desktop/FlappyBird/assets/Scripts/Results.ts as cce:/internal/x/cc.
debug: Resolve cc from file:///Users/shivam/Desktop/FlappyBird/assets/Scripts/Results.ts as cce:/internal/x/cc.
debug: Resolve ./Bird from file:///Users/shivam/Desktop/FlappyBird/assets/Scripts/GameCtrl.ts as file:///Users/shivam/Desktop/FlappyBird/assets/Scripts/Bird.ts.
debug: Resolve ./BirdAudio from file:///Users/shivam/Desktop/FlappyBird/assets/Scripts/GameCtrl.ts as file:///Users/shivam/Desktop/FlappyBird/assets/Scripts/BirdAudio.ts.
debug: Resolve ./StopResume from file:///Users/shivam/Desktop/FlappyBird/assets/Scripts/GameCtrl.ts as file:///Users/shivam/Desktop/FlappyBird/assets/Scripts/StopResume.ts.
debug: Resolve cc from file:///Users/shivam/Desktop/FlappyBird/assets/Scripts/StopResume.ts as cce:/internal/x/cc.
debug: Resolve cc from file:///Users/shivam/Desktop/FlappyBird/assets/Scripts/StopResume.ts as cce:/internal/x/cc.
debug: Resolve cc from file:///Users/shivam/Desktop/FlappyBird/assets/Scripts/StopResume.ts as cce:/internal/x/cc.
debug: Resolve ./PipePool from file:///Users/shivam/Desktop/FlappyBird/assets/Scripts/GameCtrl.ts as file:///Users/shivam/Desktop/FlappyBird/assets/Scripts/PipePool.ts.
debug: Resolve cc from file:///Users/shivam/Desktop/FlappyBird/assets/Scripts/PipePool.ts as cce:/internal/x/cc.
debug: Resolve cc from file:///Users/shivam/Desktop/FlappyBird/assets/Scripts/PipePool.ts as cce:/internal/x/cc.
debug: Resolve cc from file:///Users/shivam/Desktop/FlappyBird/assets/Scripts/PipePool.ts as cce:/internal/x/cc.
debug: Resolve file:///Users/shivam/Desktop/FlappyBird/assets/Scripts/Ground.ts from cce:/internal/x/prerequisite-imports as file:///Users/shivam/Desktop/FlappyBird/assets/Scripts/Ground.ts.
debug: Resolve file:///Users/shivam/Desktop/FlappyBird/assets/Scripts/PipePool.ts from cce:/internal/x/prerequisite-imports as file:///Users/shivam/Desktop/FlappyBird/assets/Scripts/PipePool.ts.
debug: Resolve file:///Users/shivam/Desktop/FlappyBird/assets/Scripts/Pipes.ts from cce:/internal/x/prerequisite-imports as file:///Users/shivam/Desktop/FlappyBird/assets/Scripts/Pipes.ts.
debug: Resolve cc from file:///Users/shivam/Desktop/FlappyBird/assets/Scripts/Pipes.ts as cce:/internal/x/cc.
debug: Resolve cc from file:///Users/shivam/Desktop/FlappyBird/assets/Scripts/Pipes.ts as cce:/internal/x/cc.
debug: Resolve cc from file:///Users/shivam/Desktop/FlappyBird/assets/Scripts/Pipes.ts as cce:/internal/x/cc.
debug: Resolve file:///Users/shivam/Desktop/FlappyBird/assets/Scripts/Results.ts from cce:/internal/x/prerequisite-imports as file:///Users/shivam/Desktop/FlappyBird/assets/Scripts/Results.ts.
debug: Resolve file:///Users/shivam/Desktop/FlappyBird/assets/Scripts/StopResume.ts from cce:/internal/x/prerequisite-imports as file:///Users/shivam/Desktop/FlappyBird/assets/Scripts/StopResume.ts.
debug: Target(preview) ends with cost 40.836624994874ms.
debug: Pulling asset-db.
debug: Fetch asset-db cost: 246.27708400040865ms.
debug: Build iteration starts.
Number of accumulated asset changes: 9
Feature changed: false
debug: Target(editor) build started.
debug: Detected change: cce:/internal/x/prerequisite-imports. Last mtime: Thu Jan 01 1970 05:30:06 GMT+0530 (India Standard Time), Current mtime: Thu Jan 01 1970 05:30:07 GMT+0530 (India Standard Time)
debug: Inspect cce:/internal/x/prerequisite-imports
debug: Resolve file:///Applications/Cocos/Creator/3.8.1/CocosCreator.app/Contents/Resources/resources/3d/engine/editor/assets/tools/debug-view-runtime-control.ts from cce:/internal/x/prerequisite-imports as file:///Applications/Cocos/Creator/3.8.1/CocosCreator.app/Contents/Resources/resources/3d/engine/editor/assets/tools/debug-view-runtime-control.ts.
debug: Resolve file:///Users/shivam/Desktop/FlappyBird/assets/Scripts/Bird.ts from cce:/internal/x/prerequisite-imports as file:///Users/shivam/Desktop/FlappyBird/assets/Scripts/Bird.ts.
debug: Resolve file:///Users/shivam/Desktop/FlappyBird/assets/Scripts/BirdAudio.ts from cce:/internal/x/prerequisite-imports as file:///Users/shivam/Desktop/FlappyBird/assets/Scripts/BirdAudio.ts.
debug: Resolve file:///Users/shivam/Desktop/FlappyBird/assets/Scripts/GameCtrl.ts from cce:/internal/x/prerequisite-imports as file:///Users/shivam/Desktop/FlappyBird/assets/Scripts/GameCtrl.ts.
debug: Resolve file:///Users/shivam/Desktop/FlappyBird/assets/Scripts/Ground.ts from cce:/internal/x/prerequisite-imports as file:///Users/shivam/Desktop/FlappyBird/assets/Scripts/Ground.ts.
debug: Resolve file:///Users/shivam/Desktop/FlappyBird/assets/Scripts/PipePool.ts from cce:/internal/x/prerequisite-imports as file:///Users/shivam/Desktop/FlappyBird/assets/Scripts/PipePool.ts.
debug: Resolve file:///Users/shivam/Desktop/FlappyBird/assets/Scripts/Pipes.ts from cce:/internal/x/prerequisite-imports as file:///Users/shivam/Desktop/FlappyBird/assets/Scripts/Pipes.ts.
debug: Resolve file:///Users/shivam/Desktop/FlappyBird/assets/Scripts/Results.ts from cce:/internal/x/prerequisite-imports as file:///Users/shivam/Desktop/FlappyBird/assets/Scripts/Results.ts.
debug: Resolve file:///Users/shivam/Desktop/FlappyBird/assets/Scripts/StopResume.ts from cce:/internal/x/prerequisite-imports as file:///Users/shivam/Desktop/FlappyBird/assets/Scripts/StopResume.ts.
debug: Target(editor) ends with cost 14.893375001847744ms.
debug: Target(preview) build started.
debug: Detected change: cce:/internal/x/prerequisite-imports. Last mtime: Thu Jan 01 1970 05:30:06 GMT+0530 (India Standard Time), Current mtime: Thu Jan 01 1970 05:30:07 GMT+0530 (India Standard Time)
debug: Inspect cce:/internal/x/prerequisite-imports
debug: Resolve file:///Applications/Cocos/Creator/3.8.1/CocosCreator.app/Contents/Resources/resources/3d/engine/editor/assets/tools/debug-view-runtime-control.ts from cce:/internal/x/prerequisite-imports as file:///Applications/Cocos/Creator/3.8.1/CocosCreator.app/Contents/Resources/resources/3d/engine/editor/assets/tools/debug-view-runtime-control.ts.
debug: Resolve file:///Users/shivam/Desktop/FlappyBird/assets/Scripts/Bird.ts from cce:/internal/x/prerequisite-imports as file:///Users/shivam/Desktop/FlappyBird/assets/Scripts/Bird.ts.
debug: Resolve file:///Users/shivam/Desktop/FlappyBird/assets/Scripts/BirdAudio.ts from cce:/internal/x/prerequisite-imports as file:///Users/shivam/Desktop/FlappyBird/assets/Scripts/BirdAudio.ts.
debug: Resolve file:///Users/shivam/Desktop/FlappyBird/assets/Scripts/GameCtrl.ts from cce:/internal/x/prerequisite-imports as file:///Users/shivam/Desktop/FlappyBird/assets/Scripts/GameCtrl.ts.
debug: Resolve file:///Users/shivam/Desktop/FlappyBird/assets/Scripts/Ground.ts from cce:/internal/x/prerequisite-imports as file:///Users/shivam/Desktop/FlappyBird/assets/Scripts/Ground.ts.
debug: Resolve file:///Users/shivam/Desktop/FlappyBird/assets/Scripts/PipePool.ts from cce:/internal/x/prerequisite-imports as file:///Users/shivam/Desktop/FlappyBird/assets/Scripts/PipePool.ts.
debug: Resolve file:///Users/shivam/Desktop/FlappyBird/assets/Scripts/Pipes.ts from cce:/internal/x/prerequisite-imports as file:///Users/shivam/Desktop/FlappyBird/assets/Scripts/Pipes.ts.
debug: Resolve file:///Users/shivam/Desktop/FlappyBird/assets/Scripts/Results.ts from cce:/internal/x/prerequisite-imports as file:///Users/shivam/Desktop/FlappyBird/assets/Scripts/Results.ts.
debug: Resolve file:///Users/shivam/Desktop/FlappyBird/assets/Scripts/StopResume.ts from cce:/internal/x/prerequisite-imports as file:///Users/shivam/Desktop/FlappyBird/assets/Scripts/StopResume.ts.
debug: Target(preview) ends with cost 19.498416997492313ms.
debug: Dispatch build request for time accumulated 3 asset changes.
debug: Build iteration starts.
Number of accumulated asset changes: 3
Feature changed: false
debug: Target(editor) build started.
debug: Detected change: cce:/internal/x/prerequisite-imports. Last mtime: Thu Jan 01 1970 05:30:07 GMT+0530 (India Standard Time), Current mtime: Thu Jan 01 1970 05:45:11 GMT+0530 (India Standard Time)
debug: Inspect cce:/internal/x/prerequisite-imports
debug: Resolve file:///Applications/Cocos/Creator/3.8.1/CocosCreator.app/Contents/Resources/resources/3d/engine/editor/assets/tools/debug-view-runtime-control.ts from cce:/internal/x/prerequisite-imports as file:///Applications/Cocos/Creator/3.8.1/CocosCreator.app/Contents/Resources/resources/3d/engine/editor/assets/tools/debug-view-runtime-control.ts.
debug: Resolve file:///Users/shivam/Desktop/FlappyBird/assets/Scripts/Bird.ts from cce:/internal/x/prerequisite-imports as file:///Users/shivam/Desktop/FlappyBird/assets/Scripts/Bird.ts.
debug: Resolve file:///Users/shivam/Desktop/FlappyBird/assets/Scripts/BirdAudio.ts from cce:/internal/x/prerequisite-imports as file:///Users/shivam/Desktop/FlappyBird/assets/Scripts/BirdAudio.ts.
debug: Resolve file:///Users/shivam/Desktop/FlappyBird/assets/Scripts/GameCtrl.ts from cce:/internal/x/prerequisite-imports as file:///Users/shivam/Desktop/FlappyBird/assets/Scripts/GameCtrl.ts.
debug: Detected change: file:///Users/shivam/Desktop/FlappyBird/assets/Scripts/GameCtrl.ts. Last mtime: Tue Nov 26 2024 15:30:53 GMT+0530 (India Standard Time)@3a4126c8-aa33-4be8-9278-850597539b41, Current mtime: Tue Nov 26 2024 19:36:31 GMT+0530 (India Standard Time)@3a4126c8-aa33-4be8-9278-850597539b41
debug: Inspect file:///Users/shivam/Desktop/FlappyBird/assets/Scripts/GameCtrl.ts
debug: Resolve cce:/internal/code-quality/cr.mjs from file:///Users/shivam/Desktop/FlappyBird/assets/Scripts/GameCtrl.ts as cce:/internal/code-quality/cr.mjs.
debug: Resolve cc from file:///Users/shivam/Desktop/FlappyBird/assets/Scripts/GameCtrl.ts as cce:/internal/x/cc.
debug: Resolve cc from file:///Users/shivam/Desktop/FlappyBird/assets/Scripts/GameCtrl.ts as cce:/internal/x/cc.
debug: Resolve cc from file:///Users/shivam/Desktop/FlappyBird/assets/Scripts/GameCtrl.ts as cce:/internal/x/cc.
debug: Resolve ./Ground from file:///Users/shivam/Desktop/FlappyBird/assets/Scripts/GameCtrl.ts as file:///Users/shivam/Desktop/FlappyBird/assets/Scripts/Ground.ts.
debug: Resolve ./Results from file:///Users/shivam/Desktop/FlappyBird/assets/Scripts/GameCtrl.ts as file:///Users/shivam/Desktop/FlappyBird/assets/Scripts/Results.ts.
debug: Detected change: file:///Users/shivam/Desktop/FlappyBird/assets/Scripts/Results.ts. Last mtime: Tue Nov 26 2024 15:30:56 GMT+0530 (India Standard Time)@cd286abd-598c-43f7-b9e1-94f2629371ac, Current mtime: Tue Nov 26 2024 19:38:26 GMT+0530 (India Standard Time)@cd286abd-598c-43f7-b9e1-94f2629371ac
debug: Inspect file:///Users/shivam/Desktop/FlappyBird/assets/Scripts/Results.ts
debug: Resolve cce:/internal/code-quality/cr.mjs from file:///Users/shivam/Desktop/FlappyBird/assets/Scripts/Results.ts as cce:/internal/code-quality/cr.mjs.
debug: Resolve cc from file:///Users/shivam/Desktop/FlappyBird/assets/Scripts/Results.ts as cce:/internal/x/cc.
debug: Resolve cc from file:///Users/shivam/Desktop/FlappyBird/assets/Scripts/Results.ts as cce:/internal/x/cc.
debug: Resolve cc from file:///Users/shivam/Desktop/FlappyBird/assets/Scripts/Results.ts as cce:/internal/x/cc.
debug: Resolve ./Bird from file:///Users/shivam/Desktop/FlappyBird/assets/Scripts/GameCtrl.ts as file:///Users/shivam/Desktop/FlappyBird/assets/Scripts/Bird.ts.
debug: Resolve ./BirdAudio from file:///Users/shivam/Desktop/FlappyBird/assets/Scripts/GameCtrl.ts as file:///Users/shivam/Desktop/FlappyBird/assets/Scripts/BirdAudio.ts.
debug: Resolve ./StopResume from file:///Users/shivam/Desktop/FlappyBird/assets/Scripts/GameCtrl.ts as file:///Users/shivam/Desktop/FlappyBird/assets/Scripts/StopResume.ts.
debug: Detected change: file:///Users/shivam/Desktop/FlappyBird/assets/Scripts/StopResume.ts. Last mtime: Tue Nov 26 2024 15:25:07 GMT+0530 (India Standard Time)@1c3ef9a5-fbf5-4f73-b385-88cf9d2d2ef0, Current mtime: Tue Nov 26 2024 19:37:45 GMT+0530 (India Standard Time)@1c3ef9a5-fbf5-4f73-b385-88cf9d2d2ef0
debug: Inspect file:///Users/shivam/Desktop/FlappyBird/assets/Scripts/StopResume.ts
debug: Resolve cce:/internal/code-quality/cr.mjs from file:///Users/shivam/Desktop/FlappyBird/assets/Scripts/StopResume.ts as cce:/internal/code-quality/cr.mjs.
debug: Resolve cc from file:///Users/shivam/Desktop/FlappyBird/assets/Scripts/StopResume.ts as cce:/internal/x/cc.
debug: Resolve cc from file:///Users/shivam/Desktop/FlappyBird/assets/Scripts/StopResume.ts as cce:/internal/x/cc.
debug: Resolve cc from file:///Users/shivam/Desktop/FlappyBird/assets/Scripts/StopResume.ts as cce:/internal/x/cc.
debug: Resolve ./GameCtrl from file:///Users/shivam/Desktop/FlappyBird/assets/Scripts/StopResume.ts as file:///Users/shivam/Desktop/FlappyBird/assets/Scripts/GameCtrl.ts.
debug: Resolve ./PipePool from file:///Users/shivam/Desktop/FlappyBird/assets/Scripts/GameCtrl.ts as file:///Users/shivam/Desktop/FlappyBird/assets/Scripts/PipePool.ts.
debug: Resolve file:///Users/shivam/Desktop/FlappyBird/assets/Scripts/Ground.ts from cce:/internal/x/prerequisite-imports as file:///Users/shivam/Desktop/FlappyBird/assets/Scripts/Ground.ts.
debug: Resolve file:///Users/shivam/Desktop/FlappyBird/assets/Scripts/PipePool.ts from cce:/internal/x/prerequisite-imports as file:///Users/shivam/Desktop/FlappyBird/assets/Scripts/PipePool.ts.
debug: Resolve file:///Users/shivam/Desktop/FlappyBird/assets/Scripts/Pipes.ts from cce:/internal/x/prerequisite-imports as file:///Users/shivam/Desktop/FlappyBird/assets/Scripts/Pipes.ts.
debug: Resolve file:///Users/shivam/Desktop/FlappyBird/assets/Scripts/Results.ts from cce:/internal/x/prerequisite-imports as file:///Users/shivam/Desktop/FlappyBird/assets/Scripts/Results.ts.
debug: Resolve file:///Users/shivam/Desktop/FlappyBird/assets/Scripts/StopResume.ts from cce:/internal/x/prerequisite-imports as file:///Users/shivam/Desktop/FlappyBird/assets/Scripts/StopResume.ts.
debug: Target(editor) ends with cost 155.3574170023203ms.
debug: Target(preview) build started.
debug: Detected change: cce:/internal/x/prerequisite-imports. Last mtime: Thu Jan 01 1970 05:30:07 GMT+0530 (India Standard Time), Current mtime: Thu Jan 01 1970 05:45:11 GMT+0530 (India Standard Time)
debug: Inspect cce:/internal/x/prerequisite-imports
debug: Resolve file:///Applications/Cocos/Creator/3.8.1/CocosCreator.app/Contents/Resources/resources/3d/engine/editor/assets/tools/debug-view-runtime-control.ts from cce:/internal/x/prerequisite-imports as file:///Applications/Cocos/Creator/3.8.1/CocosCreator.app/Contents/Resources/resources/3d/engine/editor/assets/tools/debug-view-runtime-control.ts.
debug: Resolve file:///Users/shivam/Desktop/FlappyBird/assets/Scripts/Bird.ts from cce:/internal/x/prerequisite-imports as file:///Users/shivam/Desktop/FlappyBird/assets/Scripts/Bird.ts.
debug: Resolve file:///Users/shivam/Desktop/FlappyBird/assets/Scripts/BirdAudio.ts from cce:/internal/x/prerequisite-imports as file:///Users/shivam/Desktop/FlappyBird/assets/Scripts/BirdAudio.ts.
debug: Resolve file:///Users/shivam/Desktop/FlappyBird/assets/Scripts/GameCtrl.ts from cce:/internal/x/prerequisite-imports as file:///Users/shivam/Desktop/FlappyBird/assets/Scripts/GameCtrl.ts.
debug: Detected change: file:///Users/shivam/Desktop/FlappyBird/assets/Scripts/GameCtrl.ts. Last mtime: Tue Nov 26 2024 15:30:53 GMT+0530 (India Standard Time)@3a4126c8-aa33-4be8-9278-850597539b41, Current mtime: Tue Nov 26 2024 19:36:31 GMT+0530 (India Standard Time)@3a4126c8-aa33-4be8-9278-850597539b41
debug: Inspect file:///Users/shivam/Desktop/FlappyBird/assets/Scripts/GameCtrl.ts
debug: Resolve cce:/internal/code-quality/cr.mjs from file:///Users/shivam/Desktop/FlappyBird/assets/Scripts/GameCtrl.ts as cce:/internal/code-quality/cr.mjs.
debug: Resolve cc from file:///Users/shivam/Desktop/FlappyBird/assets/Scripts/GameCtrl.ts as cce:/internal/x/cc.
debug: Resolve cc from file:///Users/shivam/Desktop/FlappyBird/assets/Scripts/GameCtrl.ts as cce:/internal/x/cc.
debug: Resolve cc from file:///Users/shivam/Desktop/FlappyBird/assets/Scripts/GameCtrl.ts as cce:/internal/x/cc.
debug: Resolve ./Ground from file:///Users/shivam/Desktop/FlappyBird/assets/Scripts/GameCtrl.ts as file:///Users/shivam/Desktop/FlappyBird/assets/Scripts/Ground.ts.
debug: Resolve ./Results from file:///Users/shivam/Desktop/FlappyBird/assets/Scripts/GameCtrl.ts as file:///Users/shivam/Desktop/FlappyBird/assets/Scripts/Results.ts.
debug: Detected change: file:///Users/shivam/Desktop/FlappyBird/assets/Scripts/Results.ts. Last mtime: Tue Nov 26 2024 15:30:56 GMT+0530 (India Standard Time)@cd286abd-598c-43f7-b9e1-94f2629371ac, Current mtime: Tue Nov 26 2024 19:38:26 GMT+0530 (India Standard Time)@cd286abd-598c-43f7-b9e1-94f2629371ac
debug: Inspect file:///Users/shivam/Desktop/FlappyBird/assets/Scripts/Results.ts
debug: Resolve cce:/internal/code-quality/cr.mjs from file:///Users/shivam/Desktop/FlappyBird/assets/Scripts/Results.ts as cce:/internal/code-quality/cr.mjs.
debug: Resolve cc from file:///Users/shivam/Desktop/FlappyBird/assets/Scripts/Results.ts as cce:/internal/x/cc.
debug: Resolve cc from file:///Users/shivam/Desktop/FlappyBird/assets/Scripts/Results.ts as cce:/internal/x/cc.
debug: Resolve cc from file:///Users/shivam/Desktop/FlappyBird/assets/Scripts/Results.ts as cce:/internal/x/cc.
debug: Resolve ./Bird from file:///Users/shivam/Desktop/FlappyBird/assets/Scripts/GameCtrl.ts as file:///Users/shivam/Desktop/FlappyBird/assets/Scripts/Bird.ts.
debug: Resolve ./BirdAudio from file:///Users/shivam/Desktop/FlappyBird/assets/Scripts/GameCtrl.ts as file:///Users/shivam/Desktop/FlappyBird/assets/Scripts/BirdAudio.ts.
debug: Resolve ./StopResume from file:///Users/shivam/Desktop/FlappyBird/assets/Scripts/GameCtrl.ts as file:///Users/shivam/Desktop/FlappyBird/assets/Scripts/StopResume.ts.
debug: Detected change: file:///Users/shivam/Desktop/FlappyBird/assets/Scripts/StopResume.ts. Last mtime: Tue Nov 26 2024 15:25:07 GMT+0530 (India Standard Time)@1c3ef9a5-fbf5-4f73-b385-88cf9d2d2ef0, Current mtime: Tue Nov 26 2024 19:37:45 GMT+0530 (India Standard Time)@1c3ef9a5-fbf5-4f73-b385-88cf9d2d2ef0
debug: Inspect file:///Users/shivam/Desktop/FlappyBird/assets/Scripts/StopResume.ts
debug: Resolve cce:/internal/code-quality/cr.mjs from file:///Users/shivam/Desktop/FlappyBird/assets/Scripts/StopResume.ts as cce:/internal/code-quality/cr.mjs.
debug: Resolve cc from file:///Users/shivam/Desktop/FlappyBird/assets/Scripts/StopResume.ts as cce:/internal/x/cc.
debug: Resolve cc from file:///Users/shivam/Desktop/FlappyBird/assets/Scripts/StopResume.ts as cce:/internal/x/cc.
debug: Resolve cc from file:///Users/shivam/Desktop/FlappyBird/assets/Scripts/StopResume.ts as cce:/internal/x/cc.
debug: Resolve ./GameCtrl from file:///Users/shivam/Desktop/FlappyBird/assets/Scripts/StopResume.ts as file:///Users/shivam/Desktop/FlappyBird/assets/Scripts/GameCtrl.ts.
debug: Resolve ./PipePool from file:///Users/shivam/Desktop/FlappyBird/assets/Scripts/GameCtrl.ts as file:///Users/shivam/Desktop/FlappyBird/assets/Scripts/PipePool.ts.
debug: Resolve file:///Users/shivam/Desktop/FlappyBird/assets/Scripts/Ground.ts from cce:/internal/x/prerequisite-imports as file:///Users/shivam/Desktop/FlappyBird/assets/Scripts/Ground.ts.
debug: Resolve file:///Users/shivam/Desktop/FlappyBird/assets/Scripts/PipePool.ts from cce:/internal/x/prerequisite-imports as file:///Users/shivam/Desktop/FlappyBird/assets/Scripts/PipePool.ts.
debug: Resolve file:///Users/shivam/Desktop/FlappyBird/assets/Scripts/Pipes.ts from cce:/internal/x/prerequisite-imports as file:///Users/shivam/Desktop/FlappyBird/assets/Scripts/Pipes.ts.
debug: Resolve file:///Users/shivam/Desktop/FlappyBird/assets/Scripts/Results.ts from cce:/internal/x/prerequisite-imports as file:///Users/shivam/Desktop/FlappyBird/assets/Scripts/Results.ts.
debug: Resolve file:///Users/shivam/Desktop/FlappyBird/assets/Scripts/StopResume.ts from cce:/internal/x/prerequisite-imports as file:///Users/shivam/Desktop/FlappyBird/assets/Scripts/StopResume.ts.
debug: Target(preview) ends with cost 91.50699999928474ms.
debug: Dispatch build request for time accumulated 1 asset changes.
debug: Build iteration starts.
Number of accumulated asset changes: 1
Feature changed: false
debug: Target(editor) build started.
debug: Detected change: cce:/internal/x/prerequisite-imports. Last mtime: Thu Jan 01 1970 05:45:11 GMT+0530 (India Standard Time), Current mtime: Thu Jan 01 1970 06:02:54 GMT+0530 (India Standard Time)
debug: Inspect cce:/internal/x/prerequisite-imports
debug: Resolve file:///Applications/Cocos/Creator/3.8.1/CocosCreator.app/Contents/Resources/resources/3d/engine/editor/assets/tools/debug-view-runtime-control.ts from cce:/internal/x/prerequisite-imports as file:///Applications/Cocos/Creator/3.8.1/CocosCreator.app/Contents/Resources/resources/3d/engine/editor/assets/tools/debug-view-runtime-control.ts.
debug: Resolve file:///Users/shivam/Desktop/FlappyBird/assets/Scripts/Bird.ts from cce:/internal/x/prerequisite-imports as file:///Users/shivam/Desktop/FlappyBird/assets/Scripts/Bird.ts.
debug: Resolve file:///Users/shivam/Desktop/FlappyBird/assets/Scripts/BirdAudio.ts from cce:/internal/x/prerequisite-imports as file:///Users/shivam/Desktop/FlappyBird/assets/Scripts/BirdAudio.ts.
debug: Resolve file:///Users/shivam/Desktop/FlappyBird/assets/Scripts/GameCtrl.ts from cce:/internal/x/prerequisite-imports as file:///Users/shivam/Desktop/FlappyBird/assets/Scripts/GameCtrl.ts.
debug: Detected change: file:///Users/shivam/Desktop/FlappyBird/assets/Scripts/Results.ts. Last mtime: Tue Nov 26 2024 19:38:26 GMT+0530 (India Standard Time)@cd286abd-598c-43f7-b9e1-94f2629371ac, Current mtime: Tue Nov 26 2024 19:45:12 GMT+0530 (India Standard Time)@cd286abd-598c-43f7-b9e1-94f2629371ac
debug: Inspect file:///Users/shivam/Desktop/FlappyBird/assets/Scripts/Results.ts
debug: Resolve cce:/internal/code-quality/cr.mjs from file:///Users/shivam/Desktop/FlappyBird/assets/Scripts/Results.ts as cce:/internal/code-quality/cr.mjs.
debug: Resolve cc from file:///Users/shivam/Desktop/FlappyBird/assets/Scripts/Results.ts as cce:/internal/x/cc.
debug: Resolve cc from file:///Users/shivam/Desktop/FlappyBird/assets/Scripts/Results.ts as cce:/internal/x/cc.
debug: Resolve cc from file:///Users/shivam/Desktop/FlappyBird/assets/Scripts/Results.ts as cce:/internal/x/cc.
debug: Resolve file:///Users/shivam/Desktop/FlappyBird/assets/Scripts/Ground.ts from cce:/internal/x/prerequisite-imports as file:///Users/shivam/Desktop/FlappyBird/assets/Scripts/Ground.ts.
debug: Resolve file:///Users/shivam/Desktop/FlappyBird/assets/Scripts/PipePool.ts from cce:/internal/x/prerequisite-imports as file:///Users/shivam/Desktop/FlappyBird/assets/Scripts/PipePool.ts.
debug: Resolve file:///Users/shivam/Desktop/FlappyBird/assets/Scripts/Pipes.ts from cce:/internal/x/prerequisite-imports as file:///Users/shivam/Desktop/FlappyBird/assets/Scripts/Pipes.ts.
debug: Resolve file:///Users/shivam/Desktop/FlappyBird/assets/Scripts/Results.ts from cce:/internal/x/prerequisite-imports as file:///Users/shivam/Desktop/FlappyBird/assets/Scripts/Results.ts.
debug: Resolve file:///Users/shivam/Desktop/FlappyBird/assets/Scripts/StopResume.ts from cce:/internal/x/prerequisite-imports as file:///Users/shivam/Desktop/FlappyBird/assets/Scripts/StopResume.ts.
debug: Target(editor) ends with cost 42.83391600102186ms.
debug: Target(preview) build started.
debug: Detected change: cce:/internal/x/prerequisite-imports. Last mtime: Thu Jan 01 1970 05:45:11 GMT+0530 (India Standard Time), Current mtime: Thu Jan 01 1970 06:02:54 GMT+0530 (India Standard Time)
debug: Inspect cce:/internal/x/prerequisite-imports
debug: Resolve file:///Applications/Cocos/Creator/3.8.1/CocosCreator.app/Contents/Resources/resources/3d/engine/editor/assets/tools/debug-view-runtime-control.ts from cce:/internal/x/prerequisite-imports as file:///Applications/Cocos/Creator/3.8.1/CocosCreator.app/Contents/Resources/resources/3d/engine/editor/assets/tools/debug-view-runtime-control.ts.
debug: Resolve file:///Users/shivam/Desktop/FlappyBird/assets/Scripts/Bird.ts from cce:/internal/x/prerequisite-imports as file:///Users/shivam/Desktop/FlappyBird/assets/Scripts/Bird.ts.
debug: Resolve file:///Users/shivam/Desktop/FlappyBird/assets/Scripts/BirdAudio.ts from cce:/internal/x/prerequisite-imports as file:///Users/shivam/Desktop/FlappyBird/assets/Scripts/BirdAudio.ts.
debug: Resolve file:///Users/shivam/Desktop/FlappyBird/assets/Scripts/GameCtrl.ts from cce:/internal/x/prerequisite-imports as file:///Users/shivam/Desktop/FlappyBird/assets/Scripts/GameCtrl.ts.
debug: Detected change: file:///Users/shivam/Desktop/FlappyBird/assets/Scripts/Results.ts. Last mtime: Tue Nov 26 2024 19:38:26 GMT+0530 (India Standard Time)@cd286abd-598c-43f7-b9e1-94f2629371ac, Current mtime: Tue Nov 26 2024 19:45:12 GMT+0530 (India Standard Time)@cd286abd-598c-43f7-b9e1-94f2629371ac
debug: Inspect file:///Users/shivam/Desktop/FlappyBird/assets/Scripts/Results.ts
debug: Resolve cce:/internal/code-quality/cr.mjs from file:///Users/shivam/Desktop/FlappyBird/assets/Scripts/Results.ts as cce:/internal/code-quality/cr.mjs.
debug: Resolve cc from file:///Users/shivam/Desktop/FlappyBird/assets/Scripts/Results.ts as cce:/internal/x/cc.
debug: Resolve cc from file:///Users/shivam/Desktop/FlappyBird/assets/Scripts/Results.ts as cce:/internal/x/cc.
debug: Resolve cc from file:///Users/shivam/Desktop/FlappyBird/assets/Scripts/Results.ts as cce:/internal/x/cc.
debug: Resolve file:///Users/shivam/Desktop/FlappyBird/assets/Scripts/Ground.ts from cce:/internal/x/prerequisite-imports as file:///Users/shivam/Desktop/FlappyBird/assets/Scripts/Ground.ts.
debug: Resolve file:///Users/shivam/Desktop/FlappyBird/assets/Scripts/PipePool.ts from cce:/internal/x/prerequisite-imports as file:///Users/shivam/Desktop/FlappyBird/assets/Scripts/PipePool.ts.
debug: Resolve file:///Users/shivam/Desktop/FlappyBird/assets/Scripts/Pipes.ts from cce:/internal/x/prerequisite-imports as file:///Users/shivam/Desktop/FlappyBird/assets/Scripts/Pipes.ts.
debug: Resolve file:///Users/shivam/Desktop/FlappyBird/assets/Scripts/Results.ts from cce:/internal/x/prerequisite-imports as file:///Users/shivam/Desktop/FlappyBird/assets/Scripts/Results.ts.
debug: Resolve file:///Users/shivam/Desktop/FlappyBird/assets/Scripts/StopResume.ts from cce:/internal/x/prerequisite-imports as file:///Users/shivam/Desktop/FlappyBird/assets/Scripts/StopResume.ts.
debug: Target(preview) ends with cost 33.23341699689627ms.
