26-11-2024 19:28:53-log: Cannot access game frame or container.
26-11-2024 19:28:53-debug: asset-db:require-engine-code (614ms)
26-11-2024 19:28:53-log: Cocos Creator v3.8.1
26-11-2024 19:28:53-debug: [Assets Memory track]: asset-db-plugin-enable: project start:94.99MB, end 97.99MB, increase: 3.01MB
26-11-2024 19:28:53-debug: [Assets Memory track]: asset-db:worker-init: initPlugin start:92.37MB, end 98.00MB, increase: 5.63MB
26-11-2024 19:28:53-debug: [Assets Memory track]: asset-db-plugin-register: engine-extends start:94.82MB, end 97.99MB, increase: 3.17MB
26-11-2024 19:28:53-debug: [Assets Memory track]: asset-db:worker-init: initEngine start:19.73MB, end 92.36MB, increase: 72.63MB
26-11-2024 19:28:53-debug: [Assets Memory track]: asset-db-plugin-register: programming start:93.02MB, end 94.77MB, increase: 1.76MB
26-11-2024 19:28:53-debug: asset-db:worker-init: initPlugin (89ms)
26-11-2024 19:28:53-debug: [Assets Memory track]: asset-db:worker-init start:19.73MB, end 98.29MB, increase: 78.56MB
26-11-2024 19:28:53-debug: Run asset db hook programming:beforePreStart ...
26-11-2024 19:28:53-debug: Run asset db hook programming:beforePreStart success!
26-11-2024 19:28:53-debug: Run asset db hook engine-extends:beforePreStart ...
26-11-2024 19:28:53-debug: Run asset db hook engine-extends:beforePreStart success!
26-11-2024 19:28:54-debug: asset-db:worker-init (1247ms)
26-11-2024 19:28:54-debug: asset-db-hook-programming-beforePreStart (332ms)
26-11-2024 19:28:54-debug: asset-db-hook-engine-extends-beforePreStart (332ms)
26-11-2024 19:28:54-debug: Preimport db internal success
26-11-2024 19:28:54-debug: Preimport db assets success
26-11-2024 19:28:54-debug: Run asset db hook programming:afterPreStart ...
26-11-2024 19:28:54-debug: run package(builder) handler(enable) start
26-11-2024 19:28:57-debug: [Assets Memory track]: asset-db-plugin-enable: builder start:117.95MB, end 299.79MB, increase: 181.83MB
26-11-2024 19:28:57-debug: run package(builder) handler(enable) success!
26-11-2024 19:28:57-debug: run package(shortcuts) handler(enable) success!
26-11-2024 19:28:57-debug: run package(about) handler(enable) start
26-11-2024 19:28:57-debug: run package(about) handler(enable) success!
26-11-2024 19:28:57-debug: run package(assets) handler(enable) start
26-11-2024 19:28:57-debug: run package(animation-graph) handler(enable) success!
26-11-2024 19:28:57-debug: run package(console) handler(enable) start
26-11-2024 19:28:57-debug: run package(shortcuts) handler(enable) start
26-11-2024 19:28:57-debug: run package(crash-reporter) handler(enable) start
26-11-2024 19:28:57-debug: run package(crash-reporter) handler(enable) success!
26-11-2024 19:28:57-debug: run package(extension) handler(enable) start
26-11-2024 19:28:57-debug: run package(assets) handler(enable) success!
26-11-2024 19:28:57-debug: run package(hierarchy) handler(enable) start
26-11-2024 19:28:57-debug: run package(hierarchy) handler(enable) success!
26-11-2024 19:28:57-debug: run package(inspector) handler(enable) start
26-11-2024 19:28:57-debug: run package(inspector) handler(enable) success!
26-11-2024 19:28:57-debug: run package(light-probe) handler(enable) start
26-11-2024 19:28:57-debug: run package(light-probe) handler(enable) success!
26-11-2024 19:28:57-debug: run package(lightmap) handler(enable) start
26-11-2024 19:28:57-debug: run package(lightmap) handler(enable) success!
26-11-2024 19:28:57-debug: run package(node-library) handler(enable) start
26-11-2024 19:28:57-debug: run package(node-library) handler(enable) success!
26-11-2024 19:28:57-debug: run package(package-asset) handler(enable) start
26-11-2024 19:28:57-debug: run package(package-asset) handler(enable) success!
26-11-2024 19:28:57-debug: run package(process) handler(enable) start
26-11-2024 19:28:57-debug: run package(process) handler(enable) success!
26-11-2024 19:28:57-debug: run package(reference-image) handler(enable) start
26-11-2024 19:28:57-debug: run package(reference-image) handler(enable) success!
26-11-2024 19:28:57-debug: run package(reflection-probe) handler(enable) start
26-11-2024 19:28:57-debug: run package(reflection-probe) handler(enable) success!
26-11-2024 19:28:57-debug: run package(engine-extends) handler(enable) start
26-11-2024 19:28:57-debug: run package(engine-extends) handler(enable) success!
26-11-2024 19:28:57-debug: run package(adsense-h5g-plugin) handler(enable) start
26-11-2024 19:28:57-debug: run package(adsense-h5g-plugin) handler(enable) success!
26-11-2024 19:28:57-debug: run package(alipay-mini-game) handler(enable) start
26-11-2024 19:28:57-debug: run package(alipay-mini-game) handler(enable) success!
26-11-2024 19:28:57-debug: run package(android) handler(enable) start
26-11-2024 19:28:57-debug: run package(android) handler(enable) success!
26-11-2024 19:28:57-debug: run package(bytedance-mini-game) handler(enable) start
26-11-2024 19:28:57-debug: run package(bytedance-mini-game) handler(enable) success!
26-11-2024 19:28:57-debug: run package(certificate) handler(enable) start
26-11-2024 19:28:57-debug: run package(extension) handler(enable) success!
26-11-2024 19:28:57-debug: run package(channel-upload-tools) handler(enable) start
26-11-2024 19:28:57-debug: run package(channel-upload-tools) handler(enable) success!
26-11-2024 19:28:57-debug: run package(fb-instant-games) handler(enable) start
26-11-2024 19:28:57-debug: run package(certificate) handler(enable) success!
26-11-2024 19:28:57-debug: run package(huawei-agc) handler(enable) start
26-11-2024 19:28:57-debug: run package(huawei-agc) handler(enable) success!
26-11-2024 19:28:57-debug: run package(huawei-quick-game) handler(enable) start
26-11-2024 19:28:57-debug: run package(huawei-quick-game) handler(enable) success!
26-11-2024 19:28:57-debug: run package(ios) handler(enable) start
26-11-2024 19:28:57-debug: run package(ios) handler(enable) success!
26-11-2024 19:28:57-debug: run package(linux) handler(enable) start
26-11-2024 19:28:57-debug: run package(linux) handler(enable) success!
26-11-2024 19:28:57-debug: run package(mac) handler(enable) start
26-11-2024 19:28:57-debug: run package(mac) handler(enable) success!
26-11-2024 19:28:57-debug: run package(native) handler(enable) start
26-11-2024 19:28:57-debug: run package(native) handler(enable) success!
26-11-2024 19:28:57-debug: run package(ohos) handler(enable) start
26-11-2024 19:28:57-debug: run package(ohos) handler(enable) success!
26-11-2024 19:28:57-debug: run package(openharmony) handler(enable) start
26-11-2024 19:28:57-debug: run package(openharmony) handler(enable) success!
26-11-2024 19:28:57-debug: run package(animation-graph) handler(enable) start
26-11-2024 19:28:57-debug: run package(oppo-mini-game) handler(enable) success!
26-11-2024 19:28:57-debug: run package(runtime-dev-tools) handler(enable) start
26-11-2024 19:28:57-debug: run package(runtime-dev-tools) handler(enable) success!
26-11-2024 19:28:57-debug: run package(oppo-mini-game) handler(enable) start
26-11-2024 19:28:57-debug: run package(taobao-creative-app) handler(enable) success!
26-11-2024 19:28:57-debug: run package(taobao-mini-game) handler(enable) start
26-11-2024 19:28:57-debug: run package(taobao-mini-game) handler(enable) success!
26-11-2024 19:28:57-debug: run package(vivo-mini-game) handler(enable) start
26-11-2024 19:28:57-debug: run package(vivo-mini-game) handler(enable) success!
26-11-2024 19:28:57-debug: run package(web-desktop) handler(enable) start
26-11-2024 19:28:57-debug: run package(web-desktop) handler(enable) success!
26-11-2024 19:28:57-debug: run package(console) handler(enable) success!
26-11-2024 19:28:57-debug: run package(web-mobile) handler(enable) success!
26-11-2024 19:28:57-debug: run package(wechatgame) handler(enable) start
26-11-2024 19:28:57-debug: run package(wechatgame) handler(enable) success!
26-11-2024 19:28:57-debug: run package(wechatprogram) handler(enable) start
26-11-2024 19:28:57-debug: run package(wechatprogram) handler(enable) success!
26-11-2024 19:28:57-debug: run package(windows) handler(enable) start
26-11-2024 19:28:57-debug: run package(fb-instant-games) handler(enable) success!
26-11-2024 19:28:57-debug: run package(xiaomi-quick-game) handler(enable) start
26-11-2024 19:28:57-debug: run package(xiaomi-quick-game) handler(enable) success!
26-11-2024 19:28:57-debug: run package(cocos-service) handler(enable) start
26-11-2024 19:28:57-debug: run package(web-mobile) handler(enable) start
26-11-2024 19:28:57-debug: run package(im-plugin) handler(enable) start
26-11-2024 19:28:57-debug: run package(im-plugin) handler(enable) success!
26-11-2024 19:28:57-debug: run package(taobao-creative-app) handler(enable) start
26-11-2024 19:28:57-debug: run package(placeholder) handler(enable) success!
26-11-2024 19:28:57-debug: run package(placeholder) handler(enable) start
26-11-2024 19:28:57-debug: run package(windows) handler(enable) success!
26-11-2024 19:28:57-debug: run package(cocos-service) handler(enable) success!
26-11-2024 19:28:57-debug: Set detail map pack:///resolution-detail-map.json: {}
26-11-2024 19:28:57-debug: Run asset db hook engine-extends:afterPreStart success!
26-11-2024 19:28:57-debug: [Assets Memory track]: asset-db:worker-init: preStart start:98.30MB, end 301.79MB, increase: 203.50MB
26-11-2024 19:28:57-debug: Start up the 'internal' database...
26-11-2024 19:28:57-debug: Run asset db hook engine-extends:afterPreStart ...
26-11-2024 19:28:57-debug: %cImport%c: /Applications/Cocos/Creator/3.8.1/CocosCreator.app/Contents/Resources/resources/3d/engine/editor/assets/primitives.fbxbackground: #aaff85; color: #000;color: #000;
26-11-2024 19:28:57-debug: Run asset db hook programming:afterPreStart success!
26-11-2024 19:28:57-debug: asset-db-hook-programming-afterPreStart (3373ms)
26-11-2024 19:28:57-debug: asset-db:worker-effect-data-processing (15ms)
26-11-2024 19:28:57-debug: asset-db-hook-engine-extends-afterPreStart (15ms)
26-11-2024 19:28:57-debug: Status file /Users/shivam/Desktop/FlappyBird/temp/asset-db/internal/fbx.FBX-glTF-conv/1263d74c-8167-4928-91a6-4e2672411f47/status.json: Error: ENOENT: no such file or directory, open '/Users/shivam/Desktop/FlappyBird/temp/asset-db/internal/fbx.FBX-glTF-conv/1263d74c-8167-4928-91a6-4e2672411f47/status.json'
26-11-2024 19:28:57-debug: %cImport%c: /Applications/Cocos/Creator/3.8.1/CocosCreator.app/Contents/Resources/resources/3d/engine/editor/assets/default_skybox/default_skybox.hdrbackground: #aaff85; color: #000;color: #000;
26-11-2024 19:28:57-error: Error: spawn Unknown system error -86    at ChildProcess.spawn (internal/child_process.js:403:11)    at spawn (child_process.js:562:9)    at /Applications/Cocos/Creator/3.8.1/CocosCreator.app/Contents/Resources/app.asar/utils/dist/progress.js:1:456    at new Promise (<anonymous>)    at Object.quickSpawn (/Applications/Cocos/Creator/3.8.1/CocosCreator.app/Contents/Resources/app.asar/utils/dist/progress.js:1:381)    at convertWithCmft (/Applications/Cocos/Creator/3.8.1/CocosCreator.app/Contents/Resources/app.asar/modules/engine-extensions/extensions/engine-extends/dist/importer/importers/image/image-mics.ccc:1:2585)    at Object.convertHDROrEXR (/Applications/Cocos/Creator/3.8.1/CocosCreator.app/Contents/Resources/app.asar/modules/engine-extensions/extensions/engine-extends/dist/importer/importers/image/image-mics.ccc:1:1921)    at ImageImporter.import (/Applications/Cocos/Creator/3.8.1/CocosCreator.app/Contents/Resources/app.asar/modules/engine-extensions/extensions/engine-extends/dist/importer/importers/image/index.ccc:1:1430)    at /Applications/Cocos/Creator/3.8.1/CocosCreator.app/Contents/Resources/app.asar/node_modules/@editor/asset-db/libs/task.ccc:1:2808    at new Promise (<anonymous>)
26-11-2024 19:28:57-debug: Start to conver asset {asset[d032ac98-05e1-4090-88bb-eb640dcb5fc1](d032ac98-05e1-4090-88bb-eb640dcb5fc1)}
26-11-2024 19:28:57-error: Importer exec failed: {asset[/Applications/Cocos/Creator/3.8.1/CocosCreator.app/Contents/Resources/resources/3d/engine/editor/assets/default_skybox/default_skybox.hdr](d032ac98-05e1-4090-88bb-eb640dcb5fc1)}
26-11-2024 19:28:57-error: glTFConv does not support the current CPU architecture. Please try installing Rosetta. In the command-line tool, type `softwareupdate --install-rosetta`.
26-11-2024 19:28:57-error: Importer exec failed: {asset[/Applications/Cocos/Creator/3.8.1/CocosCreator.app/Contents/Resources/resources/3d/engine/editor/assets/primitives.fbx](1263d74c-8167-4928-91a6-4e2672411f47)}
26-11-2024 19:28:57-error: /bin/sh: /Applications/Cocos/Creator/3.8.1/CocosCreator.app/Contents/Resources/app.asar.unpacked/node_modules/@editor/fbx-gltf-conv/bin/darwin/FBX-glTF-conv: Bad CPU type in executable
26-11-2024 19:28:57-error: Error: Failed to import /Applications/Cocos/Creator/3.8.1/CocosCreator.app/Contents/Resources/resources/3d/engine/editor/assets/primitives.fbx    at FbxImporter.getGltfFilePath (/Applications/Cocos/Creator/3.8.1/CocosCreator.app/Contents/Resources/app.asar/modules/engine-extensions/extensions/engine-extends/dist/importer/importers/fbx.ccc:1:1462)    at createGlTfReader (/Applications/Cocos/Creator/3.8.1/CocosCreator.app/Contents/Resources/app.asar/modules/engine-extensions/extensions/engine-extends/dist/importer/importers/gltf/reader-manager.ccc:1:857)    at GlTfReaderManager.getOrCreate (/Applications/Cocos/Creator/3.8.1/CocosCreator.app/Contents/Resources/app.asar/modules/engine-extensions/extensions/engine-extends/dist/importer/importers/gltf/reader-manager.ccc:1:534)    at FbxImporter._importSubAssets (/Applications/Cocos/Creator/3.8.1/CocosCreator.app/Contents/Resources/app.asar/modules/engine-extensions/extensions/engine-extends/dist/importer/importers/gltf.ccc:1:5695)    at FbxImporter.import (/Applications/Cocos/Creator/3.8.1/CocosCreator.app/Contents/Resources/app.asar/modules/engine-extensions/extensions/engine-extends/dist/importer/importers/gltf.ccc:1:3231)
26-11-2024 19:28:57-debug: start asset-db(internal) with asset: 463
26-11-2024 19:28:58-debug: [Assets Memory track]: asset-db:worker-startup-database[internal] start:116.06MB, end 299.75MB, increase: 183.69MB
26-11-2024 19:28:58-debug: Start up the 'assets' database...
26-11-2024 19:28:58-debug: asset-db:worker-startup-database[internal] (3791ms)
26-11-2024 19:28:58-debug: start asset-db(assets) with asset: 36
26-11-2024 19:28:58-debug: [Assets Memory track]: asset-db:worker-startup-database[assets] start:117.51MB, end 300.06MB, increase: 182.55MB
26-11-2024 19:28:58-debug: asset-db:worker-startup-database[assets] (3763ms)
26-11-2024 19:28:58-debug: asset-db:start-database (4100ms)
26-11-2024 19:28:58-debug: asset-db:ready (6483ms)
26-11-2024 19:28:58-debug: init worker message success
26-11-2024 19:28:58-debug: [Build Memory track]: builder:worker-init start:301.92MB, end 313.66MB, increase: 11.74MB
26-11-2024 19:28:58-debug: programming:execute-script (4ms)
26-11-2024 19:28:58-debug: builder:worker-init (230ms)
26-11-2024 19:28:58-debug: programming:execute-script (6ms)
26-11-2024 19:29:47-debug: programming:execute-script (4ms)
26-11-2024 19:30:47-debug: refresh db internal success
26-11-2024 19:30:47-debug: refresh db assets success
26-11-2024 19:30:47-debug: Run asset db hook engine-extends:afterRefresh ...
26-11-2024 19:30:47-debug: Run asset db hook engine-extends:afterRefresh success!
26-11-2024 19:30:47-debug: asset-db:refresh-all-database (48ms)
26-11-2024 19:33:16-debug: Query all assets info in project
26-11-2024 19:33:16-debug: init custom config: keepNodeUuid: false, useCache: true
26-11-2024 19:33:16-debug:   Number of all scenes: 1
26-11-2024 19:33:16-debug:   Number of all scripts: 9
26-11-2024 19:33:16-debug:   Number of other assets: 334
26-11-2024 19:33:16-debug: reload all scripts.
26-11-2024 19:33:16-debug: Set detail map pack:///resolution-detail-map.json: {}
26-11-2024 19:33:16-debug: /Users/shivam/Desktop/FlappyBird/temp/programming/packer-driver/targets/editor/chunks/93/93ba276ea7b26ffcdc433fab14afc1ed6f05647b.js resolved to /Users/shivam/Desktop/FlappyBird/temp/programming/packer-driver/targets/editor/chunks/93/93ba276ea7b26ffcdc433fab14afc1ed6f05647b.js is not in module cache!
26-11-2024 19:33:16-debug: [[Executor]] Module "cce:/internal/x/cc-fu/base" loaded.
26-11-2024 19:33:16-debug: [[Executor]] Module "cce:/internal/x/cc-fu/gfx-empty" loaded.
26-11-2024 19:33:16-debug: [[Executor]] Module "cce:/internal/x/cc-fu/3d" loaded.
26-11-2024 19:33:16-debug: [[Executor]] Module "cce:/internal/x/cc-fu/skeletal-animation" loaded.
26-11-2024 19:33:16-debug: [[Executor]] Module "cce:/internal/x/cc-fu/2d" loaded.
26-11-2024 19:33:16-debug: [[Executor]] Module "cce:/internal/x/cc-fu/sorting" loaded.
26-11-2024 19:33:16-debug: [[Executor]] Module "cce:/internal/x/cc-fu/ui" loaded.
26-11-2024 19:33:16-debug: [[Executor]] Module "cce:/internal/x/cc-fu/particle" loaded.
26-11-2024 19:33:16-debug: [[Executor]] Module "cce:/internal/x/cc-fu/particle-2d" loaded.
26-11-2024 19:33:16-debug: [[Executor]] Module "cce:/internal/x/cc-fu/physics-framework" loaded.
26-11-2024 19:33:16-debug: [[Executor]] Module "cce:/internal/x/cc-fu/physics-2d-framework" loaded.
26-11-2024 19:33:16-debug: [[Executor]] Module "cce:/internal/x/cc-fu/physics-2d-box2d-wasm" loaded.
26-11-2024 19:33:16-debug: [[Executor]] Module "cce:/internal/x/cc-fu/intersection-2d" loaded.
26-11-2024 19:33:16-debug: [[Executor]] Module "cce:/internal/x/cc-fu/primitive" loaded.
26-11-2024 19:33:16-debug: [[Executor]] Module "cce:/internal/x/cc-fu/profiler" loaded.
26-11-2024 19:33:16-debug: [[Executor]] Module "cce:/internal/x/cc-fu/geometry-renderer" loaded.
26-11-2024 19:33:16-debug: [[Executor]] Module "cce:/internal/x/cc-fu/gfx-webgl" loaded.
26-11-2024 19:33:16-debug: [[Executor]] Module "cce:/internal/x/cc-fu/video" loaded.
26-11-2024 19:33:16-debug: [[Executor]] Module "cce:/internal/x/cc-fu/xr" loaded.
26-11-2024 19:33:16-debug: [[Executor]] Module "cce:/internal/x/cc-fu/animation" loaded.
26-11-2024 19:33:16-debug: [[Executor]] Module "cce:/internal/x/cc-fu/terrain" loaded.
26-11-2024 19:33:16-debug: [[Executor]] Module "cce:/internal/x/cc-fu/webview" loaded.
26-11-2024 19:33:16-debug: [[Executor]] Module "cce:/internal/x/cc-fu/tween" loaded.
26-11-2024 19:33:16-debug: [[Executor]] Module "cce:/internal/x/cc-fu/tiled-map" loaded.
26-11-2024 19:33:16-debug: [[Executor]] Module "cce:/internal/x/cc-fu/spine" loaded.
26-11-2024 19:33:16-debug: [[Executor]] Module "cce:/internal/x/cc-fu/dragon-bones" loaded.
26-11-2024 19:33:16-debug: [[Executor]] Module "cce:/internal/x/cc-fu/custom-pipeline" loaded.
26-11-2024 19:33:16-debug: [[Executor]] Module "cce:/internal/x/cc-fu/base" loaded.
26-11-2024 19:33:16-debug: [[Executor]] Module "cce:/internal/x/cc-fu/gfx-webgl2" loaded.
26-11-2024 19:33:16-debug: [[Executor]] Module "cce:/internal/x/cc-fu/gfx-empty" loaded.
26-11-2024 19:33:16-debug: [[Executor]] Module "cce:/internal/x/cc-fu/gfx-webgl2" loaded.
26-11-2024 19:33:16-debug: [[Executor]] Module "cce:/internal/x/cc-fu/3d" loaded.
26-11-2024 19:33:16-debug: [[Executor]] Module "cce:/internal/x/cc-fu/animation" loaded.
26-11-2024 19:33:16-debug: [[Executor]] Module "cce:/internal/x/cc-fu/skeletal-animation" loaded.
26-11-2024 19:33:16-debug: [[Executor]] Module "cce:/internal/x/cc-fu/2d" loaded.
26-11-2024 19:33:16-debug: [[Executor]] Module "cce:/internal/x/cc-fu/gfx-webgl" loaded.
26-11-2024 19:33:16-debug: [[Executor]] Module "cce:/internal/x/cc-fu/ui" loaded.
26-11-2024 19:33:16-debug: [[Executor]] Module "cce:/internal/x/cc-fu/particle" loaded.
26-11-2024 19:33:16-debug: [[Executor]] Module "cce:/internal/x/cc-fu/particle-2d" loaded.
26-11-2024 19:33:16-debug: [[Executor]] Module "cce:/internal/x/cc-fu/physics-framework" loaded.
26-11-2024 19:33:16-debug: [[Executor]] Module "cce:/internal/x/cc-fu/physics-2d-framework" loaded.
26-11-2024 19:33:16-debug: [[Executor]] Module "cce:/internal/x/cc-fu/physics-2d-box2d-wasm" loaded.
26-11-2024 19:33:16-debug: [[Executor]] Module "cce:/internal/x/cc-fu/intersection-2d" loaded.
26-11-2024 19:33:16-debug: [[Executor]] Module "cce:/internal/x/cc-fu/light-probe" loaded.
26-11-2024 19:33:16-debug: [[Executor]] Module "cce:/internal/x/cc-fu/profiler" loaded.
26-11-2024 19:33:16-debug: [[Executor]] Module "cce:/internal/x/cc-fu/geometry-renderer" loaded.
26-11-2024 19:33:16-debug: [[Executor]] Module "cce:/internal/x/cc-fu/audio" loaded.
26-11-2024 19:33:16-debug: [[Executor]] Module "cce:/internal/x/cc-fu/video" loaded.
26-11-2024 19:33:16-debug: [[Executor]] Module "cce:/internal/x/cc-fu/primitive" loaded.
26-11-2024 19:33:16-debug: [[Executor]] Module "cce:/internal/x/cc-fu/light-probe" loaded.
26-11-2024 19:33:16-debug: [[Executor]] Module "cce:/internal/x/cc-fu/terrain" loaded.
26-11-2024 19:33:16-debug: [[Executor]] Module "cce:/internal/x/cc-fu/xr" loaded.
26-11-2024 19:33:16-debug: [[Executor]] Module "cce:/internal/x/cc-fu/audio" loaded.
26-11-2024 19:33:16-debug: [[Executor]] Module "cce:/internal/x/cc-fu/sorting" loaded.
26-11-2024 19:33:16-debug: [[Executor]] Module "cce:/internal/x/cc-fu/webview" loaded.
26-11-2024 19:33:16-debug: [[Executor]] Module "cce:/internal/x/cc-fu/spine" loaded.
26-11-2024 19:33:16-debug: [[Executor]] Module "cce:/internal/x/cc-fu/custom-pipeline" loaded.
26-11-2024 19:33:16-debug: [[Executor]] Module "pack:///chunks/93/93ba276ea7b26ffcdc433fab14afc1ed6f05647b.js" loaded.
26-11-2024 19:33:16-debug: Invalidating 'pack:///chunks/93/93ba276ea7b26ffcdc433fab14afc1ed6f05647b.js'
26-11-2024 19:33:16-debug: [[Executor]] Module "pack:///chunks/93/93ba276ea7b26ffcdc433fab14afc1ed6f05647b.js" loaded.
26-11-2024 19:33:16-debug: [[Executor]] Module "cce:/internal/x/cc-fu/dragon-bones" loaded.
26-11-2024 19:33:16-debug: [[Executor]] Module "cce:/internal/x/cc-fu/tween" loaded.
26-11-2024 19:33:16-debug: [[Executor]] Module "cce:/internal/x/cc-fu/tiled-map" loaded.
26-11-2024 19:33:16-debug: /Users/shivam/Desktop/FlappyBird/temp/programming/packer-driver/targets/editor/chunks/6d/6d8fd2b0177941b032ddc0733af48a561fb60657.js resolved to /Users/shivam/Desktop/FlappyBird/temp/programming/packer-driver/targets/editor/chunks/6d/6d8fd2b0177941b032ddc0733af48a561fb60657.js is not in module cache!
26-11-2024 19:33:16-debug: [[Executor]] Module "pack:///chunks/6d/6d8fd2b0177941b032ddc0733af48a561fb60657.js" loaded.
26-11-2024 19:33:16-debug: /Users/shivam/Desktop/FlappyBird/temp/programming/packer-driver/targets/editor/chunks/f0/f0eb614dff6710c7d3e4255bd944130032704458.js resolved to /Users/shivam/Desktop/FlappyBird/temp/programming/packer-driver/targets/editor/chunks/f0/f0eb614dff6710c7d3e4255bd944130032704458.js is not in module cache!
26-11-2024 19:33:16-debug: [[Executor]] Register DebugViewRuntimeControl
26-11-2024 19:33:16-debug: [[Executor]] Module "pack:///chunks/f0/f0eb614dff6710c7d3e4255bd944130032704458.js" loaded.
26-11-2024 19:33:16-debug: /Users/shivam/Desktop/FlappyBird/temp/programming/packer-driver/targets/editor/chunks/35/35c3f372f4199b268cc8f2fee37cc22ee91e2c16.js resolved to /Users/shivam/Desktop/FlappyBird/temp/programming/packer-driver/targets/editor/chunks/35/35c3f372f4199b268cc8f2fee37cc22ee91e2c16.js is not in module cache!
26-11-2024 19:33:16-debug: [[Executor]] Module "pack:///chunks/35/35c3f372f4199b268cc8f2fee37cc22ee91e2c16.js" loaded.
26-11-2024 19:33:16-debug: [[Executor]] Register Bird
26-11-2024 19:33:16-debug: /Users/shivam/Desktop/FlappyBird/temp/programming/packer-driver/targets/editor/chunks/5a/5a4346ca77421c2711ac3018bf201400869b1fbe.js resolved to /Users/shivam/Desktop/FlappyBird/temp/programming/packer-driver/targets/editor/chunks/5a/5a4346ca77421c2711ac3018bf201400869b1fbe.js is not in module cache!
26-11-2024 19:33:16-debug: [[Executor]] Register BirdAudio
26-11-2024 19:33:16-debug: [[Executor]] Module "pack:///chunks/5a/5a4346ca77421c2711ac3018bf201400869b1fbe.js" loaded.
26-11-2024 19:33:16-debug: /Users/shivam/Desktop/FlappyBird/temp/programming/packer-driver/targets/editor/chunks/c8/c839f9d11d71e93eba8baacaac8019836de717a4.js resolved to /Users/shivam/Desktop/FlappyBird/temp/programming/packer-driver/targets/editor/chunks/c8/c839f9d11d71e93eba8baacaac8019836de717a4.js is not in module cache!
26-11-2024 19:33:16-debug: /Users/shivam/Desktop/FlappyBird/temp/programming/packer-driver/targets/editor/chunks/6a/6a5019a719a9014c047e67aa1cf34453ab8392ce.js resolved to /Users/shivam/Desktop/FlappyBird/temp/programming/packer-driver/targets/editor/chunks/6a/6a5019a719a9014c047e67aa1cf34453ab8392ce.js is not in module cache!
26-11-2024 19:33:16-debug: /Users/shivam/Desktop/FlappyBird/temp/programming/packer-driver/targets/editor/chunks/40/4039173ccb66fbed7c15d2a7c0523b8177d1ffa7.js resolved to /Users/shivam/Desktop/FlappyBird/temp/programming/packer-driver/targets/editor/chunks/40/4039173ccb66fbed7c15d2a7c0523b8177d1ffa7.js is not in module cache!
26-11-2024 19:33:16-debug: /Users/shivam/Desktop/FlappyBird/temp/programming/packer-driver/targets/editor/chunks/da/dae2211b21f14728dbd2a84879835e6914dd6b28.js resolved to /Users/shivam/Desktop/FlappyBird/temp/programming/packer-driver/targets/editor/chunks/da/dae2211b21f14728dbd2a84879835e6914dd6b28.js is not in module cache!
26-11-2024 19:33:16-debug: /Users/shivam/Desktop/FlappyBird/temp/programming/packer-driver/targets/editor/chunks/6e/6eafef30f4f469c7f4d12442f3d94400abc07a67.js resolved to /Users/shivam/Desktop/FlappyBird/temp/programming/packer-driver/targets/editor/chunks/6e/6eafef30f4f469c7f4d12442f3d94400abc07a67.js is not in module cache!
26-11-2024 19:33:16-debug: /Users/shivam/Desktop/FlappyBird/temp/programming/packer-driver/targets/editor/chunks/b3/b342d83ebf2547880f9e049581c7dc690d5181b6.js resolved to /Users/shivam/Desktop/FlappyBird/temp/programming/packer-driver/targets/editor/chunks/b3/b342d83ebf2547880f9e049581c7dc690d5181b6.js is not in module cache!
26-11-2024 19:33:16-debug: [[Executor]] Register Ground
26-11-2024 19:33:16-debug: [[Executor]] Module "pack:///chunks/6e/6eafef30f4f469c7f4d12442f3d94400abc07a67.js" loaded.
26-11-2024 19:33:16-debug: [[Executor]] Register Results
26-11-2024 19:33:16-debug: [[Executor]] Module "pack:///chunks/6a/6a5019a719a9014c047e67aa1cf34453ab8392ce.js" loaded.
26-11-2024 19:33:16-debug: [[Executor]] Module "pack:///chunks/40/4039173ccb66fbed7c15d2a7c0523b8177d1ffa7.js" loaded.
26-11-2024 19:33:16-debug: [[Executor]] Register StopResume
26-11-2024 19:33:16-debug: [[Executor]] Module "pack:///chunks/b3/b342d83ebf2547880f9e049581c7dc690d5181b6.js" loaded.
26-11-2024 19:33:16-debug: [[Executor]] Register PipePool
26-11-2024 19:33:16-debug: [[Executor]] Module "pack:///chunks/da/dae2211b21f14728dbd2a84879835e6914dd6b28.js" loaded.
26-11-2024 19:33:16-debug: [[Executor]] Register GameCtrl
26-11-2024 19:33:16-debug: [[Executor]] Module "pack:///chunks/c8/c839f9d11d71e93eba8baacaac8019836de717a4.js" loaded.
26-11-2024 19:33:16-debug: /Users/shivam/Desktop/FlappyBird/temp/programming/packer-driver/targets/editor/chunks/51/516e4c9bbb532593fab574fbe77418ddcdbc90fd.js resolved to /Users/shivam/Desktop/FlappyBird/temp/programming/packer-driver/targets/editor/chunks/51/516e4c9bbb532593fab574fbe77418ddcdbc90fd.js is not in module cache!
26-11-2024 19:33:16-debug: [[Executor]] Register Pipes
26-11-2024 19:33:16-debug: [[Executor]] Module "pack:///chunks/6d/6d8fd2b0177941b032ddc0733af48a561fb60657.js" loaded.
26-11-2024 19:33:16-debug: // ---- build task Query asset bundle ----
26-11-2024 19:33:16-debug: Incremental keys: 
26-11-2024 19:33:16-debug: [[Executor]] Module "pack:///chunks/51/516e4c9bbb532593fab574fbe77418ddcdbc90fd.js" loaded.
26-11-2024 19:33:16-debug: Query asset bundle start0%
26-11-2024 19:33:16-debug: Query preload assets from cc.config.json: 60f7195c-ec2a-45eb-ba94-8955f60e81d0,1c02ae6f-4492-4915-b8f8-7492a3b1e4cd,810e96e4-e456-4468-9b59-f4e8f39732c0,efe8e2a3-eace-427b-b4f1-cb8a937ec77d,e9aa9a3e-5b2b-4ac7-a2c7-073de2b2b24f,8bbdbcdd-5cd4-4100-b6d5-b7c9625b6107,50f4348b-c883-4e2f-8f11-ce233b859fa1,fda095cb-831d-4601-ad94-846013963de8,f92806d7-1768-443f-afe8-12bcde84d0f0,dd3a144d-ab7f-41f0-82b8-2e43a090d496,f0416e68-0200-4b77-a926-4f9d16e494da,970b0598-bcb0-4714-91fb-2e81440dccd8,bcd64cc6-2dd9-43f6-abbe-66318d332032,d930590d-bb92-4cc8-8bd1-23cd027f9edf,a3cd009f-0ab0-420d-9278-b9fdab939bbc,c27215d8-6835-4b68-bfbb-bdeac6100c04,b5d6115f-0370-4d7c-aad3-c194cc71cf98,871c3b6c-7379-419d-bda3-794b239ab90d
26-11-2024 19:33:16-debug: // ---- build task Query asset bundle ---- (9ms)
26-11-2024 19:33:16-debug: // ---- build task Query asset bundle ----
26-11-2024 19:33:16-debug: [Build Memory track]: Query asset bundle start:289.63MB, end 290.36MB, increase: 745.67KB
26-11-2024 19:33:16-debug: Query asset bundle start5%
26-11-2024 19:33:16-debug: run build task Query asset bundle success in 9 ms √5%
26-11-2024 19:33:16-debug: run build task Query asset bundle success in 0 ms √10%
26-11-2024 19:33:16-debug: Sort some build options to settings.json start10%
26-11-2024 19:33:16-debug: // ---- build task Sort some build options to settings.json ----
26-11-2024 19:33:16-debug: [Build Memory track]: Query asset bundle start:290.37MB, end 290.38MB, increase: 10.16KB
26-11-2024 19:33:16-debug: run build task Sort some build options to settings.json success in 0 ms √12%
26-11-2024 19:33:16-debug: [Build Memory track]: Sort some build options to settings.json start:290.39MB, end 290.40MB, increase: 11.14KB
26-11-2024 19:33:16-debug: Fill script data to settings start12%
26-11-2024 19:33:16-debug: // ---- build task Fill script data to settings ----
26-11-2024 19:33:16-debug: run build task Fill script data to settings success in 0 ms √13%
26-11-2024 19:33:16-debug: Sort some build options to settings.json start13%
26-11-2024 19:33:16-debug: // ---- build task Sort some build options to settings.json ----
26-11-2024 19:33:16-debug: [Build Memory track]: Fill script data to settings start:290.41MB, end 290.42MB, increase: 10.36KB
26-11-2024 19:33:16-debug: // ---- build task Sort some build options to settings.json ---- (2ms)
26-11-2024 19:33:16-debug: run build task Sort some build options to settings.json success in 2 ms √15%
26-11-2024 19:33:16-debug: [Build Memory track]: Sort some build options to settings.json start:290.42MB, end 289.88MB, increase: -555.06KB
26-11-2024 19:33:50-debug: refresh db internal success
26-11-2024 19:33:50-debug: refresh db assets success
26-11-2024 19:33:50-debug: Run asset db hook engine-extends:afterRefresh ...
26-11-2024 19:33:50-debug: Run asset db hook engine-extends:afterRefresh success!
26-11-2024 19:33:50-debug: asset-db:refresh-all-database (44ms)
26-11-2024 19:33:50-debug: asset-db:worker-effect-data-processing (1ms)
26-11-2024 19:33:50-debug: asset-db-hook-engine-extends-afterRefresh (1ms)
26-11-2024 19:34:05-debug: Query all assets info in project
26-11-2024 19:34:05-debug: init custom config: keepNodeUuid: false, useCache: true
26-11-2024 19:34:05-debug:   Number of all scripts: 9
26-11-2024 19:34:05-debug:   Number of all scenes: 1
26-11-2024 19:34:05-debug:   Number of other assets: 334
26-11-2024 19:34:05-debug: reload all scripts.
26-11-2024 19:34:05-debug: Set detail map pack:///resolution-detail-map.json: {}
26-11-2024 19:34:05-debug: Unregister Ground
26-11-2024 19:34:05-debug: Unregister Results
26-11-2024 19:34:05-debug: Unregister StopResume
26-11-2024 19:34:05-debug: Unregister PipePool
26-11-2024 19:34:05-debug: Unregister GameCtrl
26-11-2024 19:34:05-debug: Unregister Pipes
26-11-2024 19:34:05-debug: Invalidating 'pack:///chunks/93/93ba276ea7b26ffcdc433fab14afc1ed6f05647b.js'
26-11-2024 19:34:05-debug: Invalidating 'pack:///chunks/6d/6d8fd2b0177941b032ddc0733af48a561fb60657.js'
26-11-2024 19:34:05-debug: Invalidating 'pack:///chunks/f0/f0eb614dff6710c7d3e4255bd944130032704458.js'
26-11-2024 19:34:05-debug: Invalidating 'pack:///chunks/35/35c3f372f4199b268cc8f2fee37cc22ee91e2c16.js'
26-11-2024 19:34:05-debug: Invalidating 'pack:///chunks/5a/5a4346ca77421c2711ac3018bf201400869b1fbe.js'
26-11-2024 19:34:05-debug: Invalidating 'pack:///chunks/c8/c839f9d11d71e93eba8baacaac8019836de717a4.js'
26-11-2024 19:34:05-debug: Unregister Bird
26-11-2024 19:34:05-debug: Invalidating 'pack:///chunks/40/4039173ccb66fbed7c15d2a7c0523b8177d1ffa7.js'
26-11-2024 19:34:05-debug: Invalidating 'pack:///chunks/da/dae2211b21f14728dbd2a84879835e6914dd6b28.js'
26-11-2024 19:34:05-debug: Invalidating 'pack:///chunks/6e/6eafef30f4f469c7f4d12442f3d94400abc07a67.js'
26-11-2024 19:34:05-debug: Invalidating 'pack:///chunks/b3/b342d83ebf2547880f9e049581c7dc690d5181b6.js'
26-11-2024 19:34:05-debug: Invalidating 'pack:///chunks/51/516e4c9bbb532593fab574fbe77418ddcdbc90fd.js'
26-11-2024 19:34:05-debug: [[Executor]] Module "pack:///chunks/93/93ba276ea7b26ffcdc433fab14afc1ed6f05647b.js" loaded.
26-11-2024 19:34:05-debug: [[Executor]] Module "pack:///chunks/6d/6d8fd2b0177941b032ddc0733af48a561fb60657.js" loaded.
26-11-2024 19:34:05-debug: [[Executor]] Register DebugViewRuntimeControl
26-11-2024 19:34:05-debug: [[Executor]] Module "pack:///chunks/f0/f0eb614dff6710c7d3e4255bd944130032704458.js" loaded.
26-11-2024 19:34:05-debug: [[Executor]] Register Bird
26-11-2024 19:34:05-debug: [[Executor]] Module "pack:///chunks/35/35c3f372f4199b268cc8f2fee37cc22ee91e2c16.js" loaded.
26-11-2024 19:34:05-debug: [[Executor]] Register BirdAudio
26-11-2024 19:34:05-debug: [[Executor]] Module "pack:///chunks/5a/5a4346ca77421c2711ac3018bf201400869b1fbe.js" loaded.
26-11-2024 19:34:05-debug: [[Executor]] Module "pack:///chunks/6a/6a5019a719a9014c047e67aa1cf34453ab8392ce.js" loaded.
26-11-2024 19:34:05-debug: [[Executor]] Register Ground
26-11-2024 19:34:05-debug: [[Executor]] Module "pack:///chunks/6e/6eafef30f4f469c7f4d12442f3d94400abc07a67.js" loaded.
26-11-2024 19:34:05-debug: [[Executor]] Register Results
26-11-2024 19:34:05-debug: [[Executor]] Module "pack:///chunks/40/4039173ccb66fbed7c15d2a7c0523b8177d1ffa7.js" loaded.
26-11-2024 19:34:05-debug: [[Executor]] Register StopResume
26-11-2024 19:34:05-debug: [[Executor]] Module "pack:///chunks/b3/b342d83ebf2547880f9e049581c7dc690d5181b6.js" loaded.
26-11-2024 19:34:05-debug: [[Executor]] Register PipePool
26-11-2024 19:34:05-debug: [[Executor]] Module "pack:///chunks/da/dae2211b21f14728dbd2a84879835e6914dd6b28.js" loaded.
26-11-2024 19:34:05-debug: [[Executor]] Register GameCtrl
26-11-2024 19:34:05-debug: Invalidating 'pack:///chunks/6a/6a5019a719a9014c047e67aa1cf34453ab8392ce.js'
26-11-2024 19:34:05-debug: [[Executor]] Register Pipes
26-11-2024 19:34:05-debug: [[Executor]] Module "pack:///chunks/51/516e4c9bbb532593fab574fbe77418ddcdbc90fd.js" loaded.
26-11-2024 19:34:05-debug: [[Executor]] Module "pack:///chunks/c8/c839f9d11d71e93eba8baacaac8019836de717a4.js" loaded.
26-11-2024 19:34:05-debug: Incremental keys: 
26-11-2024 19:34:05-debug: Query asset bundle start0%
26-11-2024 19:34:05-debug: // ---- build task Query asset bundle ----
26-11-2024 19:34:05-debug: [[Executor]] Module "pack:///chunks/6d/6d8fd2b0177941b032ddc0733af48a561fb60657.js" loaded.
26-11-2024 19:34:05-debug: Unregister DebugViewRuntimeControl
26-11-2024 19:34:05-debug: Unregister BirdAudio
26-11-2024 19:34:05-debug: Query preload assets from cc.config.json: 60f7195c-ec2a-45eb-ba94-8955f60e81d0,1c02ae6f-4492-4915-b8f8-7492a3b1e4cd,810e96e4-e456-4468-9b59-f4e8f39732c0,efe8e2a3-eace-427b-b4f1-cb8a937ec77d,e9aa9a3e-5b2b-4ac7-a2c7-073de2b2b24f,8bbdbcdd-5cd4-4100-b6d5-b7c9625b6107,50f4348b-c883-4e2f-8f11-ce233b859fa1,fda095cb-831d-4601-ad94-846013963de8,f92806d7-1768-443f-afe8-12bcde84d0f0,dd3a144d-ab7f-41f0-82b8-2e43a090d496,f0416e68-0200-4b77-a926-4f9d16e494da,970b0598-bcb0-4714-91fb-2e81440dccd8,bcd64cc6-2dd9-43f6-abbe-66318d332032,d930590d-bb92-4cc8-8bd1-23cd027f9edf,a3cd009f-0ab0-420d-9278-b9fdab939bbc,c27215d8-6835-4b68-bfbb-bdeac6100c04,b5d6115f-0370-4d7c-aad3-c194cc71cf98,871c3b6c-7379-419d-bda3-794b239ab90d
26-11-2024 19:34:05-debug: // ---- build task Query asset bundle ---- (10ms)
26-11-2024 19:34:05-debug: run build task Query asset bundle success in 10 ms √5%
26-11-2024 19:34:05-debug: [Build Memory track]: Query asset bundle start:292.12MB, end 292.63MB, increase: 522.12KB
26-11-2024 19:34:05-debug: Query asset bundle start5%
26-11-2024 19:34:05-debug: // ---- build task Query asset bundle ----
26-11-2024 19:34:05-debug: // ---- build task Query asset bundle ---- (1ms)
26-11-2024 19:34:05-debug: // ---- build task Sort some build options to settings.json ----
26-11-2024 19:34:05-debug: [Build Memory track]: Query asset bundle start:292.64MB, end 292.65MB, increase: 12.46KB
26-11-2024 19:34:05-debug: Sort some build options to settings.json start10%
26-11-2024 19:34:05-debug: run build task Query asset bundle success in 1 ms √10%
26-11-2024 19:34:05-debug: run build task Sort some build options to settings.json success in 0 ms √12%
26-11-2024 19:34:05-debug: [Build Memory track]: Sort some build options to settings.json start:292.66MB, end 292.67MB, increase: 11.79KB
26-11-2024 19:34:05-debug: Fill script data to settings start12%
26-11-2024 19:34:05-debug: // ---- build task Fill script data to settings ----
26-11-2024 19:34:05-debug: run build task Fill script data to settings success in 0 ms √13%
26-11-2024 19:34:05-debug: [Build Memory track]: Fill script data to settings start:292.68MB, end 292.69MB, increase: 10.31KB
26-11-2024 19:34:05-debug: Sort some build options to settings.json start13%
26-11-2024 19:34:05-debug: // ---- build task Sort some build options to settings.json ----
26-11-2024 19:34:05-debug: // ---- build task Sort some build options to settings.json ---- (2ms)
26-11-2024 19:34:05-debug: run build task Sort some build options to settings.json success in 2 ms √15%
26-11-2024 19:34:05-debug: [Build Memory track]: Sort some build options to settings.json start:292.70MB, end 292.81MB, increase: 113.91KB
26-11-2024 19:34:27-debug: Query all assets info in project
26-11-2024 19:34:27-debug: init custom config: keepNodeUuid: false, useCache: true
26-11-2024 19:34:27-debug:   Number of all scenes: 1
26-11-2024 19:34:27-debug:   Number of all scripts: 9
26-11-2024 19:34:27-debug:   Number of other assets: 334
26-11-2024 19:34:27-debug: reload all scripts.
26-11-2024 19:34:27-debug: Set detail map pack:///resolution-detail-map.json: {}
26-11-2024 19:34:27-debug: Unregister Ground
26-11-2024 19:34:27-debug: Unregister Results
26-11-2024 19:34:27-debug: Unregister StopResume
26-11-2024 19:34:27-debug: Unregister PipePool
26-11-2024 19:34:27-debug: Unregister GameCtrl
26-11-2024 19:34:27-debug: Unregister Pipes
26-11-2024 19:34:27-debug: Invalidating 'pack:///chunks/93/93ba276ea7b26ffcdc433fab14afc1ed6f05647b.js'
26-11-2024 19:34:27-debug: Invalidating 'pack:///chunks/6d/6d8fd2b0177941b032ddc0733af48a561fb60657.js'
26-11-2024 19:34:27-debug: Invalidating 'pack:///chunks/f0/f0eb614dff6710c7d3e4255bd944130032704458.js'
26-11-2024 19:34:27-debug: Invalidating 'pack:///chunks/35/35c3f372f4199b268cc8f2fee37cc22ee91e2c16.js'
26-11-2024 19:34:27-debug: Invalidating 'pack:///chunks/5a/5a4346ca77421c2711ac3018bf201400869b1fbe.js'
26-11-2024 19:34:27-debug: Invalidating 'pack:///chunks/c8/c839f9d11d71e93eba8baacaac8019836de717a4.js'
26-11-2024 19:34:27-debug: Unregister BirdAudio
26-11-2024 19:34:27-debug: Unregister DebugViewRuntimeControl
26-11-2024 19:34:27-debug: Invalidating 'pack:///chunks/40/4039173ccb66fbed7c15d2a7c0523b8177d1ffa7.js'
26-11-2024 19:34:27-debug: Invalidating 'pack:///chunks/b3/b342d83ebf2547880f9e049581c7dc690d5181b6.js'
26-11-2024 19:34:27-debug: Invalidating 'pack:///chunks/da/dae2211b21f14728dbd2a84879835e6914dd6b28.js'
26-11-2024 19:34:27-debug: Invalidating 'pack:///chunks/51/516e4c9bbb532593fab574fbe77418ddcdbc90fd.js'
26-11-2024 19:34:27-debug: [[Executor]] Module "pack:///chunks/93/93ba276ea7b26ffcdc433fab14afc1ed6f05647b.js" loaded.
26-11-2024 19:34:27-debug: [[Executor]] Module "pack:///chunks/6d/6d8fd2b0177941b032ddc0733af48a561fb60657.js" loaded.
26-11-2024 19:34:27-debug: [[Executor]] Register DebugViewRuntimeControl
26-11-2024 19:34:27-debug: [[Executor]] Module "pack:///chunks/f0/f0eb614dff6710c7d3e4255bd944130032704458.js" loaded.
26-11-2024 19:34:27-debug: [[Executor]] Register Bird
26-11-2024 19:34:27-debug: [[Executor]] Module "pack:///chunks/35/35c3f372f4199b268cc8f2fee37cc22ee91e2c16.js" loaded.
26-11-2024 19:34:27-debug: [[Executor]] Register BirdAudio
26-11-2024 19:34:27-debug: [[Executor]] Module "pack:///chunks/5a/5a4346ca77421c2711ac3018bf201400869b1fbe.js" loaded.
26-11-2024 19:34:27-debug: [[Executor]] Module "pack:///chunks/6a/6a5019a719a9014c047e67aa1cf34453ab8392ce.js" loaded.
26-11-2024 19:34:27-debug: [[Executor]] Register Ground
26-11-2024 19:34:27-debug: [[Executor]] Module "pack:///chunks/6e/6eafef30f4f469c7f4d12442f3d94400abc07a67.js" loaded.
26-11-2024 19:34:27-debug: [[Executor]] Register Results
26-11-2024 19:34:27-debug: [[Executor]] Module "pack:///chunks/40/4039173ccb66fbed7c15d2a7c0523b8177d1ffa7.js" loaded.
26-11-2024 19:34:27-debug: [[Executor]] Register StopResume
26-11-2024 19:34:27-debug: [[Executor]] Module "pack:///chunks/b3/b342d83ebf2547880f9e049581c7dc690d5181b6.js" loaded.
26-11-2024 19:34:27-debug: [[Executor]] Register PipePool
26-11-2024 19:34:27-debug: [[Executor]] Module "pack:///chunks/da/dae2211b21f14728dbd2a84879835e6914dd6b28.js" loaded.
26-11-2024 19:34:27-debug: [[Executor]] Register GameCtrl
26-11-2024 19:34:27-debug: [[Executor]] Module "pack:///chunks/c8/c839f9d11d71e93eba8baacaac8019836de717a4.js" loaded.
26-11-2024 19:34:27-debug: [[Executor]] Register Pipes
26-11-2024 19:34:27-debug: [[Executor]] Module "pack:///chunks/51/516e4c9bbb532593fab574fbe77418ddcdbc90fd.js" loaded.
26-11-2024 19:34:27-debug: [[Executor]] Module "pack:///chunks/6d/6d8fd2b0177941b032ddc0733af48a561fb60657.js" loaded.
26-11-2024 19:34:27-debug: Incremental keys: 
26-11-2024 19:34:27-debug: Invalidating 'pack:///chunks/6a/6a5019a719a9014c047e67aa1cf34453ab8392ce.js'
26-11-2024 19:34:27-debug: // ---- build task Query asset bundle ----
26-11-2024 19:34:27-debug: Query asset bundle start0%
26-11-2024 19:34:27-debug: Invalidating 'pack:///chunks/6e/6eafef30f4f469c7f4d12442f3d94400abc07a67.js'
26-11-2024 19:34:27-debug: Unregister Bird
26-11-2024 19:34:27-debug: Query preload assets from cc.config.json: 60f7195c-ec2a-45eb-ba94-8955f60e81d0,1c02ae6f-4492-4915-b8f8-7492a3b1e4cd,810e96e4-e456-4468-9b59-f4e8f39732c0,efe8e2a3-eace-427b-b4f1-cb8a937ec77d,e9aa9a3e-5b2b-4ac7-a2c7-073de2b2b24f,8bbdbcdd-5cd4-4100-b6d5-b7c9625b6107,50f4348b-c883-4e2f-8f11-ce233b859fa1,fda095cb-831d-4601-ad94-846013963de8,f92806d7-1768-443f-afe8-12bcde84d0f0,dd3a144d-ab7f-41f0-82b8-2e43a090d496,f0416e68-0200-4b77-a926-4f9d16e494da,970b0598-bcb0-4714-91fb-2e81440dccd8,bcd64cc6-2dd9-43f6-abbe-66318d332032,d930590d-bb92-4cc8-8bd1-23cd027f9edf,a3cd009f-0ab0-420d-9278-b9fdab939bbc,c27215d8-6835-4b68-bfbb-bdeac6100c04,b5d6115f-0370-4d7c-aad3-c194cc71cf98,871c3b6c-7379-419d-bda3-794b239ab90d
26-11-2024 19:34:27-debug: // ---- build task Query asset bundle ---- (7ms)
26-11-2024 19:34:27-debug: // ---- build task Query asset bundle ----
26-11-2024 19:34:27-debug: [Build Memory track]: Query asset bundle start:293.61MB, end 294.00MB, increase: 395.35KB
26-11-2024 19:34:27-debug: Query asset bundle start5%
26-11-2024 19:34:27-debug: run build task Query asset bundle success in 7 ms √5%
26-11-2024 19:34:27-debug: // ---- build task Query asset bundle ---- (1ms)
26-11-2024 19:34:27-debug: Sort some build options to settings.json start10%
26-11-2024 19:34:27-debug: [Build Memory track]: Query asset bundle start:293.34MB, end 293.35MB, increase: 12.78KB
26-11-2024 19:34:27-debug: run build task Query asset bundle success in 1 ms √10%
26-11-2024 19:34:27-debug: // ---- build task Sort some build options to settings.json ----
26-11-2024 19:34:27-debug: run build task Sort some build options to settings.json success in 0 ms √12%
26-11-2024 19:34:27-debug: [Build Memory track]: Sort some build options to settings.json start:293.36MB, end 293.37MB, increase: 11.53KB
26-11-2024 19:34:27-debug: // ---- build task Fill script data to settings ----
26-11-2024 19:34:27-debug: Fill script data to settings start12%
26-11-2024 19:34:27-debug: run build task Fill script data to settings success in 0 ms √13%
26-11-2024 19:34:27-debug: Sort some build options to settings.json start13%
26-11-2024 19:34:27-debug: // ---- build task Sort some build options to settings.json ----
26-11-2024 19:34:27-debug: [Build Memory track]: Fill script data to settings start:293.38MB, end 293.39MB, increase: 10.34KB
26-11-2024 19:34:27-debug: // ---- build task Sort some build options to settings.json ---- (1ms)
26-11-2024 19:34:27-debug: [Build Memory track]: Sort some build options to settings.json start:293.40MB, end 293.51MB, increase: 113.19KB
26-11-2024 19:34:27-debug: run build task Sort some build options to settings.json success in 1 ms √15%
26-11-2024 19:35:05-debug: refresh db internal success
26-11-2024 19:35:05-debug: refresh db assets success
26-11-2024 19:35:05-debug: Run asset db hook engine-extends:afterRefresh ...
26-11-2024 19:35:05-debug: Run asset db hook engine-extends:afterRefresh success!
26-11-2024 19:35:05-debug: asset-db:refresh-all-database (38ms)
26-11-2024 19:35:14-debug: refresh db internal success
26-11-2024 19:35:14-debug: refresh db assets success
26-11-2024 19:35:14-debug: Run asset db hook engine-extends:afterRefresh ...
26-11-2024 19:35:14-debug: Run asset db hook engine-extends:afterRefresh success!
26-11-2024 19:35:14-debug: asset-db:refresh-all-database (33ms)
26-11-2024 19:35:14-debug: asset-db-hook-engine-extends-afterRefresh (1ms)
26-11-2024 19:35:21-debug: refresh db internal success
26-11-2024 19:35:21-debug: refresh db assets success
26-11-2024 19:35:21-debug: Run asset db hook engine-extends:afterRefresh success!
26-11-2024 19:35:21-debug: Run asset db hook engine-extends:afterRefresh ...
26-11-2024 19:35:21-debug: asset-db:refresh-all-database (23ms)
26-11-2024 19:35:21-debug: asset-db:worker-effect-data-processing (1ms)
26-11-2024 19:35:21-debug: asset-db-hook-engine-extends-afterRefresh (1ms)
26-11-2024 19:44:02-debug: refresh db internal success
26-11-2024 19:44:02-debug: %cImport%c: /Users/shivam/Desktop/FlappyBird/assets/Scripts/GameCtrl.tsbackground: #aaff85; color: #000;color: #000;
26-11-2024 19:44:02-debug: %cImport%c: /Users/shivam/Desktop/FlappyBird/assets/Scripts/Results.tsbackground: #aaff85; color: #000;color: #000;
26-11-2024 19:44:02-debug: %cImport%c: /Users/shivam/Desktop/FlappyBird/assets/Scripts/StopResume.tsbackground: #aaff85; color: #000;color: #000;
26-11-2024 19:44:02-debug: refresh db assets success
26-11-2024 19:44:02-debug: Run asset db hook engine-extends:afterRefresh ...
26-11-2024 19:44:02-debug: Run asset db hook engine-extends:afterRefresh success!
26-11-2024 19:44:02-debug: asset-db:refresh-all-database (51ms)
26-11-2024 19:44:02-debug: asset-db:worker-effect-data-processing (1ms)
26-11-2024 19:44:02-debug: asset-db-hook-engine-extends-afterRefresh (1ms)
26-11-2024 19:44:03-debug: Query all assets info in project
26-11-2024 19:44:03-debug: init custom config: keepNodeUuid: false, useCache: true
26-11-2024 19:44:03-debug:   Number of all scenes: 1
26-11-2024 19:44:03-debug:   Number of all scripts: 9
26-11-2024 19:44:03-debug:   Number of other assets: 334
26-11-2024 19:44:03-debug: reload all scripts.
26-11-2024 19:44:03-debug: Set detail map pack:///resolution-detail-map.json: {}
26-11-2024 19:44:03-debug: Unregister Ground
26-11-2024 19:44:03-debug: Unregister StopResume
26-11-2024 19:44:03-debug: Unregister PipePool
26-11-2024 19:44:03-debug: Unregister Results
26-11-2024 19:44:03-debug: Unregister GameCtrl
26-11-2024 19:44:03-debug: Unregister Pipes
26-11-2024 19:44:03-debug: Invalidating 'pack:///chunks/93/93ba276ea7b26ffcdc433fab14afc1ed6f05647b.js'
26-11-2024 19:44:03-debug: Invalidating 'pack:///chunks/35/35c3f372f4199b268cc8f2fee37cc22ee91e2c16.js'
26-11-2024 19:44:03-debug: Invalidating 'pack:///chunks/f0/f0eb614dff6710c7d3e4255bd944130032704458.js'
26-11-2024 19:44:03-debug: Invalidating 'pack:///chunks/6d/6d8fd2b0177941b032ddc0733af48a561fb60657.js'
26-11-2024 19:44:03-debug: Invalidating 'pack:///chunks/5a/5a4346ca77421c2711ac3018bf201400869b1fbe.js'
26-11-2024 19:44:03-debug: Invalidating 'pack:///chunks/c8/c839f9d11d71e93eba8baacaac8019836de717a4.js'
26-11-2024 19:44:03-debug: Invalidating 'pack:///chunks/6a/6a5019a719a9014c047e67aa1cf34453ab8392ce.js'
26-11-2024 19:44:03-debug: Invalidating 'pack:///chunks/6e/6eafef30f4f469c7f4d12442f3d94400abc07a67.js'
26-11-2024 19:44:03-debug: Invalidating 'pack:///chunks/40/4039173ccb66fbed7c15d2a7c0523b8177d1ffa7.js'
26-11-2024 19:44:03-debug: Invalidating 'pack:///chunks/b3/b342d83ebf2547880f9e049581c7dc690d5181b6.js'
26-11-2024 19:44:03-debug: Invalidating 'pack:///chunks/da/dae2211b21f14728dbd2a84879835e6914dd6b28.js'
26-11-2024 19:44:03-debug: Invalidating 'pack:///chunks/51/516e4c9bbb532593fab574fbe77418ddcdbc90fd.js'
26-11-2024 19:44:03-debug: [[Executor]] Module "pack:///chunks/93/93ba276ea7b26ffcdc433fab14afc1ed6f05647b.js" loaded.
26-11-2024 19:44:03-debug: Unregister Bird
26-11-2024 19:44:03-debug: Unregister BirdAudio
26-11-2024 19:44:03-debug: Unregister DebugViewRuntimeControl
26-11-2024 19:44:03-debug: /Users/shivam/Desktop/FlappyBird/temp/programming/packer-driver/targets/editor/chunks/6d/6d8fd2b0177941b032ddc0733af48a561fb60657.js resolved to /Users/shivam/Desktop/FlappyBird/temp/programming/packer-driver/targets/editor/chunks/6d/6d8fd2b0177941b032ddc0733af48a561fb60657.js is not in module cache!
26-11-2024 19:44:03-debug: [[Executor]] Register DebugViewRuntimeControl
26-11-2024 19:44:03-debug: [[Executor]] Module "pack:///chunks/35/35c3f372f4199b268cc8f2fee37cc22ee91e2c16.js" loaded.
26-11-2024 19:44:03-debug: [[Executor]] Register BirdAudio
26-11-2024 19:44:03-debug: [[Executor]] Module "pack:///chunks/5a/5a4346ca77421c2711ac3018bf201400869b1fbe.js" loaded.
26-11-2024 19:44:03-debug: [[Executor]] Module "pack:///chunks/f0/f0eb614dff6710c7d3e4255bd944130032704458.js" loaded.
26-11-2024 19:44:03-debug: [[Executor]] Register Bird
26-11-2024 19:44:03-debug: [[Executor]] Module "pack:///chunks/6d/6d8fd2b0177941b032ddc0733af48a561fb60657.js" loaded.
26-11-2024 19:44:03-debug: /Users/shivam/Desktop/FlappyBird/temp/programming/packer-driver/targets/editor/chunks/c8/c839f9d11d71e93eba8baacaac8019836de717a4.js resolved to /Users/shivam/Desktop/FlappyBird/temp/programming/packer-driver/targets/editor/chunks/c8/c839f9d11d71e93eba8baacaac8019836de717a4.js is not in module cache!
26-11-2024 19:44:03-debug: /Users/shivam/Desktop/FlappyBird/temp/programming/packer-driver/targets/editor/chunks/40/4039173ccb66fbed7c15d2a7c0523b8177d1ffa7.js resolved to /Users/shivam/Desktop/FlappyBird/temp/programming/packer-driver/targets/editor/chunks/40/4039173ccb66fbed7c15d2a7c0523b8177d1ffa7.js is not in module cache!
26-11-2024 19:44:03-debug: [[Executor]] Module "pack:///chunks/6e/6eafef30f4f469c7f4d12442f3d94400abc07a67.js" loaded.
26-11-2024 19:44:03-debug: [[Executor]] Module "pack:///chunks/6a/6a5019a719a9014c047e67aa1cf34453ab8392ce.js" loaded.
26-11-2024 19:44:03-debug: [[Executor]] Module "pack:///chunks/40/4039173ccb66fbed7c15d2a7c0523b8177d1ffa7.js" loaded.
26-11-2024 19:44:03-debug: [[Executor]] Register StopResume
26-11-2024 19:44:03-debug: [[Executor]] Module "pack:///chunks/b3/b342d83ebf2547880f9e049581c7dc690d5181b6.js" loaded.
26-11-2024 19:44:03-debug: [[Executor]] Register PipePool
26-11-2024 19:44:03-debug: [[Executor]] Module "pack:///chunks/da/dae2211b21f14728dbd2a84879835e6914dd6b28.js" loaded.
26-11-2024 19:44:03-debug: [[Executor]] Register GameCtrl
26-11-2024 19:44:03-debug: [[Executor]] Module "pack:///chunks/c8/c839f9d11d71e93eba8baacaac8019836de717a4.js" loaded.
26-11-2024 19:44:03-debug: [[Executor]] Register Pipes
26-11-2024 19:44:03-debug: [[Executor]] Module "pack:///chunks/51/516e4c9bbb532593fab574fbe77418ddcdbc90fd.js" loaded.
26-11-2024 19:44:03-debug: [[Executor]] Module "pack:///chunks/6d/6d8fd2b0177941b032ddc0733af48a561fb60657.js" loaded.
26-11-2024 19:44:03-debug: Incremental keys: 
26-11-2024 19:44:03-debug: Query asset bundle start0%
26-11-2024 19:44:03-debug: // ---- build task Query asset bundle ----
26-11-2024 19:44:03-debug: /Users/shivam/Desktop/FlappyBird/temp/programming/packer-driver/targets/editor/chunks/b3/b342d83ebf2547880f9e049581c7dc690d5181b6.js resolved to /Users/shivam/Desktop/FlappyBird/temp/programming/packer-driver/targets/editor/chunks/b3/b342d83ebf2547880f9e049581c7dc690d5181b6.js is not in module cache!
26-11-2024 19:44:03-debug: [[Executor]] Register Results
26-11-2024 19:44:03-debug: [[Executor]] Register Ground
26-11-2024 19:44:03-debug: Query preload assets from cc.config.json: 60f7195c-ec2a-45eb-ba94-8955f60e81d0,1c02ae6f-4492-4915-b8f8-7492a3b1e4cd,810e96e4-e456-4468-9b59-f4e8f39732c0,efe8e2a3-eace-427b-b4f1-cb8a937ec77d,e9aa9a3e-5b2b-4ac7-a2c7-073de2b2b24f,8bbdbcdd-5cd4-4100-b6d5-b7c9625b6107,50f4348b-c883-4e2f-8f11-ce233b859fa1,fda095cb-831d-4601-ad94-846013963de8,f92806d7-1768-443f-afe8-12bcde84d0f0,dd3a144d-ab7f-41f0-82b8-2e43a090d496,f0416e68-0200-4b77-a926-4f9d16e494da,970b0598-bcb0-4714-91fb-2e81440dccd8,bcd64cc6-2dd9-43f6-abbe-66318d332032,d930590d-bb92-4cc8-8bd1-23cd027f9edf,a3cd009f-0ab0-420d-9278-b9fdab939bbc,c27215d8-6835-4b68-bfbb-bdeac6100c04,b5d6115f-0370-4d7c-aad3-c194cc71cf98,871c3b6c-7379-419d-bda3-794b239ab90d
26-11-2024 19:44:03-debug: // ---- build task Query asset bundle ---- (8ms)
26-11-2024 19:44:03-debug: [Build Memory track]: Query asset bundle start:296.95MB, end 297.44MB, increase: 492.50KB
26-11-2024 19:44:03-debug: Query asset bundle start5%
26-11-2024 19:44:03-debug: run build task Query asset bundle success in 8 ms √5%
26-11-2024 19:44:03-debug: // ---- build task Query asset bundle ----
26-11-2024 19:44:03-debug: // ---- build task Query asset bundle ---- (1ms)
26-11-2024 19:44:03-debug: [Build Memory track]: Query asset bundle start:297.44MB, end 297.46MB, increase: 12.33KB
26-11-2024 19:44:03-debug: // ---- build task Sort some build options to settings.json ----
26-11-2024 19:44:03-debug: Sort some build options to settings.json start10%
26-11-2024 19:44:03-debug: run build task Query asset bundle success in 1 ms √10%
26-11-2024 19:44:03-debug: run build task Sort some build options to settings.json success in 0 ms √12%
26-11-2024 19:44:03-debug: // ---- build task Fill script data to settings ----
26-11-2024 19:44:03-debug: Fill script data to settings start12%
26-11-2024 19:44:03-debug: [Build Memory track]: Sort some build options to settings.json start:297.46MB, end 297.48MB, increase: 11.14KB
26-11-2024 19:44:03-debug: run build task Fill script data to settings success in 0 ms √13%
26-11-2024 19:44:03-debug: [Build Memory track]: Fill script data to settings start:297.48MB, end 297.49MB, increase: 9.93KB
26-11-2024 19:44:03-debug: Sort some build options to settings.json start13%
26-11-2024 19:44:03-debug: // ---- build task Sort some build options to settings.json ----
26-11-2024 19:44:03-debug: // ---- build task Sort some build options to settings.json ---- (2ms)
26-11-2024 19:44:03-debug: run build task Sort some build options to settings.json success in 2 ms √15%
26-11-2024 19:44:03-debug: [Build Memory track]: Sort some build options to settings.json start:297.50MB, end 297.61MB, increase: 115.24KB
26-11-2024 19:44:03-debug: Query all assets info in project
26-11-2024 19:44:03-debug: init custom config: keepNodeUuid: false, useCache: true
26-11-2024 19:44:03-debug:   Number of all scenes: 1
26-11-2024 19:44:03-debug:   Number of all scripts: 9
26-11-2024 19:44:03-debug:   Number of other assets: 334
26-11-2024 19:44:03-debug: reload all scripts.
26-11-2024 19:44:03-debug: Set detail map pack:///resolution-detail-map.json: {}
26-11-2024 19:44:03-debug: Unregister Ground
26-11-2024 19:44:03-debug: Unregister Results
26-11-2024 19:44:03-debug: Unregister StopResume
26-11-2024 19:44:03-debug: Unregister PipePool
26-11-2024 19:44:03-debug: Unregister GameCtrl
26-11-2024 19:44:03-debug: Unregister Pipes
26-11-2024 19:44:03-debug: Invalidating 'pack:///chunks/6d/6d8fd2b0177941b032ddc0733af48a561fb60657.js'
26-11-2024 19:44:03-debug: Invalidating 'pack:///chunks/93/93ba276ea7b26ffcdc433fab14afc1ed6f05647b.js'
26-11-2024 19:44:03-debug: Invalidating 'pack:///chunks/f0/f0eb614dff6710c7d3e4255bd944130032704458.js'
26-11-2024 19:44:03-debug: Invalidating 'pack:///chunks/35/35c3f372f4199b268cc8f2fee37cc22ee91e2c16.js'
26-11-2024 19:44:03-debug: Invalidating 'pack:///chunks/c8/c839f9d11d71e93eba8baacaac8019836de717a4.js'
26-11-2024 19:44:03-debug: Invalidating 'pack:///chunks/6a/6a5019a719a9014c047e67aa1cf34453ab8392ce.js'
26-11-2024 19:44:03-debug: Invalidating 'pack:///chunks/5a/5a4346ca77421c2711ac3018bf201400869b1fbe.js'
26-11-2024 19:44:03-debug: Invalidating 'pack:///chunks/6e/6eafef30f4f469c7f4d12442f3d94400abc07a67.js'
26-11-2024 19:44:03-debug: Invalidating 'pack:///chunks/da/dae2211b21f14728dbd2a84879835e6914dd6b28.js'
26-11-2024 19:44:03-debug: Invalidating 'pack:///chunks/b3/b342d83ebf2547880f9e049581c7dc690d5181b6.js'
26-11-2024 19:44:03-debug: Invalidating 'pack:///chunks/40/4039173ccb66fbed7c15d2a7c0523b8177d1ffa7.js'
26-11-2024 19:44:03-debug: Invalidating 'pack:///chunks/51/516e4c9bbb532593fab574fbe77418ddcdbc90fd.js'
26-11-2024 19:44:03-debug: [[Executor]] Module "pack:///chunks/93/93ba276ea7b26ffcdc433fab14afc1ed6f05647b.js" loaded.
26-11-2024 19:44:03-debug: [[Executor]] Module "pack:///chunks/6d/6d8fd2b0177941b032ddc0733af48a561fb60657.js" loaded.
26-11-2024 19:44:03-debug: [[Executor]] Register DebugViewRuntimeControl
26-11-2024 19:44:03-debug: [[Executor]] Module "pack:///chunks/f0/f0eb614dff6710c7d3e4255bd944130032704458.js" loaded.
26-11-2024 19:44:03-debug: [[Executor]] Register Bird
26-11-2024 19:44:03-debug: [[Executor]] Module "pack:///chunks/35/35c3f372f4199b268cc8f2fee37cc22ee91e2c16.js" loaded.
26-11-2024 19:44:03-debug: [[Executor]] Register BirdAudio
26-11-2024 19:44:03-debug: [[Executor]] Module "pack:///chunks/5a/5a4346ca77421c2711ac3018bf201400869b1fbe.js" loaded.
26-11-2024 19:44:03-debug: [[Executor]] Module "pack:///chunks/6a/6a5019a719a9014c047e67aa1cf34453ab8392ce.js" loaded.
26-11-2024 19:44:03-debug: [[Executor]] Register Ground
26-11-2024 19:44:03-debug: [[Executor]] Module "pack:///chunks/6e/6eafef30f4f469c7f4d12442f3d94400abc07a67.js" loaded.
26-11-2024 19:44:03-debug: [[Executor]] Register Results
26-11-2024 19:44:03-debug: [[Executor]] Module "pack:///chunks/40/4039173ccb66fbed7c15d2a7c0523b8177d1ffa7.js" loaded.
26-11-2024 19:44:03-debug: Unregister Bird
26-11-2024 19:44:03-debug: [[Executor]] Module "pack:///chunks/b3/b342d83ebf2547880f9e049581c7dc690d5181b6.js" loaded.
26-11-2024 19:44:03-debug: [[Executor]] Register PipePool
26-11-2024 19:44:03-debug: [[Executor]] Module "pack:///chunks/da/dae2211b21f14728dbd2a84879835e6914dd6b28.js" loaded.
26-11-2024 19:44:03-debug: [[Executor]] Register GameCtrl
26-11-2024 19:44:03-debug: [[Executor]] Module "pack:///chunks/c8/c839f9d11d71e93eba8baacaac8019836de717a4.js" loaded.
26-11-2024 19:44:03-debug: [[Executor]] Register Pipes
26-11-2024 19:44:03-debug: [[Executor]] Module "pack:///chunks/51/516e4c9bbb532593fab574fbe77418ddcdbc90fd.js" loaded.
26-11-2024 19:44:03-debug: [[Executor]] Module "pack:///chunks/6d/6d8fd2b0177941b032ddc0733af48a561fb60657.js" loaded.
26-11-2024 19:44:03-debug: Incremental keys: 
26-11-2024 19:44:03-debug: Query asset bundle start0%
26-11-2024 19:44:03-debug: // ---- build task Query asset bundle ----
26-11-2024 19:44:03-debug: Unregister BirdAudio
26-11-2024 19:44:03-debug: Unregister DebugViewRuntimeControl
26-11-2024 19:44:03-debug: [[Executor]] Register StopResume
26-11-2024 19:44:03-debug: Query preload assets from cc.config.json: 60f7195c-ec2a-45eb-ba94-8955f60e81d0,1c02ae6f-4492-4915-b8f8-7492a3b1e4cd,810e96e4-e456-4468-9b59-f4e8f39732c0,efe8e2a3-eace-427b-b4f1-cb8a937ec77d,e9aa9a3e-5b2b-4ac7-a2c7-073de2b2b24f,8bbdbcdd-5cd4-4100-b6d5-b7c9625b6107,50f4348b-c883-4e2f-8f11-ce233b859fa1,fda095cb-831d-4601-ad94-846013963de8,f92806d7-1768-443f-afe8-12bcde84d0f0,dd3a144d-ab7f-41f0-82b8-2e43a090d496,f0416e68-0200-4b77-a926-4f9d16e494da,970b0598-bcb0-4714-91fb-2e81440dccd8,bcd64cc6-2dd9-43f6-abbe-66318d332032,d930590d-bb92-4cc8-8bd1-23cd027f9edf,a3cd009f-0ab0-420d-9278-b9fdab939bbc,c27215d8-6835-4b68-bfbb-bdeac6100c04,b5d6115f-0370-4d7c-aad3-c194cc71cf98,871c3b6c-7379-419d-bda3-794b239ab90d
26-11-2024 19:44:03-debug: // ---- build task Query asset bundle ---- (6ms)
26-11-2024 19:44:03-debug: // ---- build task Query asset bundle ----
26-11-2024 19:44:03-debug: [Build Memory track]: Query asset bundle start:299.19MB, end 297.74MB, increase: -1486.23KB
26-11-2024 19:44:03-debug: Query asset bundle start5%
26-11-2024 19:44:03-debug: run build task Query asset bundle success in 6 ms √5%
26-11-2024 19:44:03-debug: run build task Query asset bundle success in 0 ms √10%
26-11-2024 19:44:03-debug: Sort some build options to settings.json start10%
26-11-2024 19:44:03-debug: // ---- build task Sort some build options to settings.json ----
26-11-2024 19:44:03-debug: [Build Memory track]: Query asset bundle start:297.75MB, end 297.76MB, increase: 9.44KB
26-11-2024 19:44:03-debug: run build task Sort some build options to settings.json success in 0 ms √12%
26-11-2024 19:44:03-debug: [Build Memory track]: Sort some build options to settings.json start:297.77MB, end 297.78MB, increase: 11.04KB
26-11-2024 19:44:03-debug: Fill script data to settings start12%
26-11-2024 19:44:03-debug: // ---- build task Fill script data to settings ----
26-11-2024 19:44:03-debug: run build task Fill script data to settings success in 0 ms √13%
26-11-2024 19:44:03-debug: [Build Memory track]: Fill script data to settings start:297.79MB, end 297.80MB, increase: 9.93KB
26-11-2024 19:44:03-debug: Sort some build options to settings.json start13%
26-11-2024 19:44:03-debug: // ---- build task Sort some build options to settings.json ----
26-11-2024 19:44:03-debug: // ---- build task Sort some build options to settings.json ---- (7ms)
26-11-2024 19:44:03-debug: run build task Sort some build options to settings.json success in 7 ms √15%
26-11-2024 19:44:03-debug: [Build Memory track]: Sort some build options to settings.json start:297.81MB, end 297.91MB, increase: 112.05KB
26-11-2024 20:01:45-debug: refresh db internal success
26-11-2024 20:01:45-debug: %cImport%c: /Users/shivam/Desktop/FlappyBird/assets/Scripts/Results.tsbackground: #aaff85; color: #000;color: #000;
26-11-2024 20:01:45-debug: refresh db assets success
26-11-2024 20:01:45-debug: Run asset db hook engine-extends:afterRefresh ...
26-11-2024 20:01:45-debug: Run asset db hook engine-extends:afterRefresh success!
26-11-2024 20:01:45-debug: asset-db:refresh-all-database (49ms)
26-11-2024 20:01:45-debug: asset-db:worker-effect-data-processing (1ms)
26-11-2024 20:01:45-debug: asset-db-hook-engine-extends-afterRefresh (1ms)
26-11-2024 20:01:46-debug: Query all assets info in project
26-11-2024 20:01:46-debug: init custom config: keepNodeUuid: false, useCache: true
26-11-2024 20:01:46-debug:   Number of all scenes: 1
26-11-2024 20:01:46-debug:   Number of all scripts: 9
26-11-2024 20:01:46-debug:   Number of other assets: 334
26-11-2024 20:01:46-debug: reload all scripts.
26-11-2024 20:01:46-debug: Set detail map pack:///resolution-detail-map.json: {}
26-11-2024 20:01:46-debug: Unregister Ground
26-11-2024 20:01:46-debug: Unregister Results
26-11-2024 20:01:46-debug: Unregister StopResume
26-11-2024 20:01:46-debug: Unregister PipePool
26-11-2024 20:01:46-debug: Unregister GameCtrl
26-11-2024 20:01:46-debug: Unregister Pipes
26-11-2024 20:01:46-debug: Invalidating 'pack:///chunks/93/93ba276ea7b26ffcdc433fab14afc1ed6f05647b.js'
26-11-2024 20:01:46-debug: Invalidating 'pack:///chunks/6d/6d8fd2b0177941b032ddc0733af48a561fb60657.js'
26-11-2024 20:01:46-debug: Invalidating 'pack:///chunks/f0/f0eb614dff6710c7d3e4255bd944130032704458.js'
26-11-2024 20:01:46-debug: Invalidating 'pack:///chunks/35/35c3f372f4199b268cc8f2fee37cc22ee91e2c16.js'
26-11-2024 20:01:46-debug: Invalidating 'pack:///chunks/5a/5a4346ca77421c2711ac3018bf201400869b1fbe.js'
26-11-2024 20:01:46-debug: Unregister Bird
26-11-2024 20:01:46-debug: Invalidating 'pack:///chunks/6a/6a5019a719a9014c047e67aa1cf34453ab8392ce.js'
26-11-2024 20:01:46-debug: Invalidating 'pack:///chunks/6e/6eafef30f4f469c7f4d12442f3d94400abc07a67.js'
26-11-2024 20:01:46-debug: Invalidating 'pack:///chunks/40/4039173ccb66fbed7c15d2a7c0523b8177d1ffa7.js'
26-11-2024 20:01:46-debug: Invalidating 'pack:///chunks/b3/b342d83ebf2547880f9e049581c7dc690d5181b6.js'
26-11-2024 20:01:46-debug: Invalidating 'pack:///chunks/da/dae2211b21f14728dbd2a84879835e6914dd6b28.js'
26-11-2024 20:01:46-debug: Invalidating 'pack:///chunks/51/516e4c9bbb532593fab574fbe77418ddcdbc90fd.js'
26-11-2024 20:01:46-debug: [[Executor]] Module "pack:///chunks/93/93ba276ea7b26ffcdc433fab14afc1ed6f05647b.js" loaded.
26-11-2024 20:01:46-debug: Invalidating 'pack:///chunks/c8/c839f9d11d71e93eba8baacaac8019836de717a4.js'
26-11-2024 20:01:46-debug: Unregister BirdAudio
26-11-2024 20:01:46-debug: Unregister DebugViewRuntimeControl
26-11-2024 20:01:46-debug: /Users/shivam/Desktop/FlappyBird/temp/programming/packer-driver/targets/editor/chunks/6d/6d8fd2b0177941b032ddc0733af48a561fb60657.js resolved to /Users/shivam/Desktop/FlappyBird/temp/programming/packer-driver/targets/editor/chunks/6d/6d8fd2b0177941b032ddc0733af48a561fb60657.js is not in module cache!
26-11-2024 20:01:46-debug: [[Executor]] Module "pack:///chunks/f0/f0eb614dff6710c7d3e4255bd944130032704458.js" loaded.
26-11-2024 20:01:46-debug: [[Executor]] Module "pack:///chunks/35/35c3f372f4199b268cc8f2fee37cc22ee91e2c16.js" loaded.
26-11-2024 20:01:46-debug: [[Executor]] Register BirdAudio
26-11-2024 20:01:46-debug: [[Executor]] Module "pack:///chunks/5a/5a4346ca77421c2711ac3018bf201400869b1fbe.js" loaded.
26-11-2024 20:01:46-debug: [[Executor]] Register DebugViewRuntimeControl
26-11-2024 20:01:46-debug: [[Executor]] Register Bird
26-11-2024 20:01:46-debug: [[Executor]] Module "pack:///chunks/6d/6d8fd2b0177941b032ddc0733af48a561fb60657.js" loaded.
26-11-2024 20:01:46-debug: /Users/shivam/Desktop/FlappyBird/temp/programming/packer-driver/targets/editor/chunks/40/4039173ccb66fbed7c15d2a7c0523b8177d1ffa7.js resolved to /Users/shivam/Desktop/FlappyBird/temp/programming/packer-driver/targets/editor/chunks/40/4039173ccb66fbed7c15d2a7c0523b8177d1ffa7.js is not in module cache!
26-11-2024 20:01:46-debug: [[Executor]] Register Ground
26-11-2024 20:01:46-debug: [[Executor]] Module "pack:///chunks/40/4039173ccb66fbed7c15d2a7c0523b8177d1ffa7.js" loaded.
26-11-2024 20:01:46-debug: [[Executor]] Register StopResume
26-11-2024 20:01:46-debug: [[Executor]] Module "pack:///chunks/b3/b342d83ebf2547880f9e049581c7dc690d5181b6.js" loaded.
26-11-2024 20:01:46-debug: [[Executor]] Register PipePool
26-11-2024 20:01:46-debug: [[Executor]] Module "pack:///chunks/da/dae2211b21f14728dbd2a84879835e6914dd6b28.js" loaded.
26-11-2024 20:01:46-debug: [[Executor]] Register GameCtrl
26-11-2024 20:01:46-debug: [[Executor]] Module "pack:///chunks/c8/c839f9d11d71e93eba8baacaac8019836de717a4.js" loaded.
26-11-2024 20:01:46-debug: [[Executor]] Register Pipes
26-11-2024 20:01:46-debug: [[Executor]] Module "pack:///chunks/51/516e4c9bbb532593fab574fbe77418ddcdbc90fd.js" loaded.
26-11-2024 20:01:46-debug: [[Executor]] Module "pack:///chunks/6d/6d8fd2b0177941b032ddc0733af48a561fb60657.js" loaded.
26-11-2024 20:01:46-debug: Incremental keys: 
26-11-2024 20:01:46-debug: Query asset bundle start0%
26-11-2024 20:01:46-debug: // ---- build task Query asset bundle ----
26-11-2024 20:01:46-debug: [[Executor]] Module "pack:///chunks/6a/6a5019a719a9014c047e67aa1cf34453ab8392ce.js" loaded.
26-11-2024 20:01:46-debug: [[Executor]] Register Results
26-11-2024 20:01:46-debug: [[Executor]] Module "pack:///chunks/6e/6eafef30f4f469c7f4d12442f3d94400abc07a67.js" loaded.
26-11-2024 20:01:46-debug: Query preload assets from cc.config.json: 60f7195c-ec2a-45eb-ba94-8955f60e81d0,1c02ae6f-4492-4915-b8f8-7492a3b1e4cd,810e96e4-e456-4468-9b59-f4e8f39732c0,efe8e2a3-eace-427b-b4f1-cb8a937ec77d,e9aa9a3e-5b2b-4ac7-a2c7-073de2b2b24f,8bbdbcdd-5cd4-4100-b6d5-b7c9625b6107,50f4348b-c883-4e2f-8f11-ce233b859fa1,fda095cb-831d-4601-ad94-846013963de8,f92806d7-1768-443f-afe8-12bcde84d0f0,dd3a144d-ab7f-41f0-82b8-2e43a090d496,f0416e68-0200-4b77-a926-4f9d16e494da,970b0598-bcb0-4714-91fb-2e81440dccd8,bcd64cc6-2dd9-43f6-abbe-66318d332032,d930590d-bb92-4cc8-8bd1-23cd027f9edf,a3cd009f-0ab0-420d-9278-b9fdab939bbc,c27215d8-6835-4b68-bfbb-bdeac6100c04,b5d6115f-0370-4d7c-aad3-c194cc71cf98,871c3b6c-7379-419d-bda3-794b239ab90d
26-11-2024 20:01:46-debug: // ---- build task Query asset bundle ---- (7ms)
26-11-2024 20:01:46-debug: Query asset bundle start5%
26-11-2024 20:01:46-debug: [Build Memory track]: Query asset bundle start:299.60MB, end 300.08MB, increase: 498.55KB
26-11-2024 20:01:46-debug: // ---- build task Query asset bundle ----
26-11-2024 20:01:46-debug: run build task Query asset bundle success in 7 ms √5%
26-11-2024 20:01:46-debug: // ---- build task Query asset bundle ---- (1ms)
26-11-2024 20:01:46-debug: run build task Query asset bundle success in 1 ms √10%
26-11-2024 20:01:46-debug: Sort some build options to settings.json start10%
26-11-2024 20:01:46-debug: // ---- build task Sort some build options to settings.json ----
26-11-2024 20:01:46-debug: [Build Memory track]: Query asset bundle start:300.09MB, end 300.10MB, increase: 12.36KB
26-11-2024 20:01:46-debug: run build task Sort some build options to settings.json success in 0 ms √12%
26-11-2024 20:01:46-debug: Fill script data to settings start12%
26-11-2024 20:01:46-debug: // ---- build task Fill script data to settings ----
26-11-2024 20:01:46-debug: [Build Memory track]: Sort some build options to settings.json start:300.11MB, end 300.12MB, increase: 11.14KB
26-11-2024 20:01:46-debug: run build task Fill script data to settings success in 0 ms √13%
26-11-2024 20:01:46-debug: [Build Memory track]: Fill script data to settings start:300.13MB, end 300.14MB, increase: 9.66KB
26-11-2024 20:01:46-debug: Sort some build options to settings.json start13%
26-11-2024 20:01:46-debug: // ---- build task Sort some build options to settings.json ----
26-11-2024 20:01:46-debug: // ---- build task Sort some build options to settings.json ---- (2ms)
26-11-2024 20:01:46-debug: [Build Memory track]: Sort some build options to settings.json start:300.15MB, end 300.26MB, increase: 112.38KB
26-11-2024 20:01:46-debug: run build task Sort some build options to settings.json success in 2 ms √15%
26-11-2024 20:01:46-debug: Query all assets info in project
26-11-2024 20:01:46-debug: init custom config: keepNodeUuid: false, useCache: true
26-11-2024 20:01:46-debug:   Number of all scripts: 9
26-11-2024 20:01:46-debug:   Number of other assets: 334
26-11-2024 20:01:46-debug:   Number of all scenes: 1
26-11-2024 20:01:46-debug: reload all scripts.
26-11-2024 20:01:46-debug: Set detail map pack:///resolution-detail-map.json: {}
26-11-2024 20:01:46-debug: Unregister Ground
26-11-2024 20:01:46-debug: Unregister Results
26-11-2024 20:01:46-debug: Unregister StopResume
26-11-2024 20:01:46-debug: Unregister PipePool
26-11-2024 20:01:46-debug: Unregister GameCtrl
26-11-2024 20:01:46-debug: Unregister Pipes
26-11-2024 20:01:46-debug: Invalidating 'pack:///chunks/93/93ba276ea7b26ffcdc433fab14afc1ed6f05647b.js'
26-11-2024 20:01:46-debug: Invalidating 'pack:///chunks/6d/6d8fd2b0177941b032ddc0733af48a561fb60657.js'
26-11-2024 20:01:46-debug: Invalidating 'pack:///chunks/f0/f0eb614dff6710c7d3e4255bd944130032704458.js'
26-11-2024 20:01:46-debug: Invalidating 'pack:///chunks/35/35c3f372f4199b268cc8f2fee37cc22ee91e2c16.js'
26-11-2024 20:01:46-debug: Invalidating 'pack:///chunks/5a/5a4346ca77421c2711ac3018bf201400869b1fbe.js'
26-11-2024 20:01:46-debug: Invalidating 'pack:///chunks/c8/c839f9d11d71e93eba8baacaac8019836de717a4.js'
26-11-2024 20:01:46-debug: Invalidating 'pack:///chunks/6a/6a5019a719a9014c047e67aa1cf34453ab8392ce.js'
26-11-2024 20:01:46-debug: Unregister BirdAudio
26-11-2024 20:01:46-debug: Invalidating 'pack:///chunks/b3/b342d83ebf2547880f9e049581c7dc690d5181b6.js'
26-11-2024 20:01:46-debug: Invalidating 'pack:///chunks/da/dae2211b21f14728dbd2a84879835e6914dd6b28.js'
26-11-2024 20:01:46-debug: Invalidating 'pack:///chunks/51/516e4c9bbb532593fab574fbe77418ddcdbc90fd.js'
26-11-2024 20:01:46-debug: Invalidating 'pack:///chunks/40/4039173ccb66fbed7c15d2a7c0523b8177d1ffa7.js'
26-11-2024 20:01:46-debug: [[Executor]] Module "pack:///chunks/93/93ba276ea7b26ffcdc433fab14afc1ed6f05647b.js" loaded.
26-11-2024 20:01:46-debug: [[Executor]] Module "pack:///chunks/6d/6d8fd2b0177941b032ddc0733af48a561fb60657.js" loaded.
26-11-2024 20:01:46-debug: [[Executor]] Register DebugViewRuntimeControl
26-11-2024 20:01:46-debug: [[Executor]] Module "pack:///chunks/f0/f0eb614dff6710c7d3e4255bd944130032704458.js" loaded.
26-11-2024 20:01:46-debug: [[Executor]] Register Bird
26-11-2024 20:01:46-debug: [[Executor]] Module "pack:///chunks/35/35c3f372f4199b268cc8f2fee37cc22ee91e2c16.js" loaded.
26-11-2024 20:01:46-debug: [[Executor]] Register BirdAudio
26-11-2024 20:01:46-debug: [[Executor]] Module "pack:///chunks/5a/5a4346ca77421c2711ac3018bf201400869b1fbe.js" loaded.
26-11-2024 20:01:46-debug: [[Executor]] Module "pack:///chunks/6a/6a5019a719a9014c047e67aa1cf34453ab8392ce.js" loaded.
26-11-2024 20:01:46-debug: [[Executor]] Register Ground
26-11-2024 20:01:46-debug: [[Executor]] Module "pack:///chunks/6e/6eafef30f4f469c7f4d12442f3d94400abc07a67.js" loaded.
26-11-2024 20:01:46-debug: [[Executor]] Register Results
26-11-2024 20:01:46-debug: Invalidating 'pack:///chunks/6e/6eafef30f4f469c7f4d12442f3d94400abc07a67.js'
26-11-2024 20:01:46-debug: [[Executor]] Register StopResume
26-11-2024 20:01:46-debug: [[Executor]] Module "pack:///chunks/b3/b342d83ebf2547880f9e049581c7dc690d5181b6.js" loaded.
26-11-2024 20:01:46-debug: Unregister Bird
26-11-2024 20:01:46-debug: [[Executor]] Module "pack:///chunks/da/dae2211b21f14728dbd2a84879835e6914dd6b28.js" loaded.
26-11-2024 20:01:46-debug: [[Executor]] Register GameCtrl
26-11-2024 20:01:46-debug: [[Executor]] Module "pack:///chunks/c8/c839f9d11d71e93eba8baacaac8019836de717a4.js" loaded.
26-11-2024 20:01:46-debug: [[Executor]] Register Pipes
26-11-2024 20:01:46-debug: [[Executor]] Module "pack:///chunks/51/516e4c9bbb532593fab574fbe77418ddcdbc90fd.js" loaded.
26-11-2024 20:01:46-debug: [[Executor]] Register PipePool
26-11-2024 20:01:46-debug: Incremental keys: 
26-11-2024 20:01:46-debug: Query asset bundle start0%
26-11-2024 20:01:46-debug: // ---- build task Query asset bundle ----
26-11-2024 20:01:46-debug: [[Executor]] Module "pack:///chunks/40/4039173ccb66fbed7c15d2a7c0523b8177d1ffa7.js" loaded.
26-11-2024 20:01:46-debug: [[Executor]] Module "pack:///chunks/6d/6d8fd2b0177941b032ddc0733af48a561fb60657.js" loaded.
26-11-2024 20:01:46-debug: Unregister DebugViewRuntimeControl
26-11-2024 20:01:46-debug: Query preload assets from cc.config.json: 60f7195c-ec2a-45eb-ba94-8955f60e81d0,1c02ae6f-4492-4915-b8f8-7492a3b1e4cd,810e96e4-e456-4468-9b59-f4e8f39732c0,efe8e2a3-eace-427b-b4f1-cb8a937ec77d,e9aa9a3e-5b2b-4ac7-a2c7-073de2b2b24f,8bbdbcdd-5cd4-4100-b6d5-b7c9625b6107,50f4348b-c883-4e2f-8f11-ce233b859fa1,fda095cb-831d-4601-ad94-846013963de8,f92806d7-1768-443f-afe8-12bcde84d0f0,dd3a144d-ab7f-41f0-82b8-2e43a090d496,f0416e68-0200-4b77-a926-4f9d16e494da,970b0598-bcb0-4714-91fb-2e81440dccd8,bcd64cc6-2dd9-43f6-abbe-66318d332032,d930590d-bb92-4cc8-8bd1-23cd027f9edf,a3cd009f-0ab0-420d-9278-b9fdab939bbc,c27215d8-6835-4b68-bfbb-bdeac6100c04,b5d6115f-0370-4d7c-aad3-c194cc71cf98,871c3b6c-7379-419d-bda3-794b239ab90d
26-11-2024 20:01:46-debug: // ---- build task Query asset bundle ---- (5ms)
26-11-2024 20:01:46-debug: // ---- build task Query asset bundle ----
26-11-2024 20:01:46-debug: [Build Memory track]: Query asset bundle start:301.28MB, end 301.49MB, increase: 212.44KB
26-11-2024 20:01:46-debug: Query asset bundle start5%
26-11-2024 20:01:46-debug: run build task Query asset bundle success in 5 ms √5%
26-11-2024 20:01:46-debug: run build task Query asset bundle success in 0 ms √10%
26-11-2024 20:01:46-debug: Sort some build options to settings.json start10%
26-11-2024 20:01:46-debug: [Build Memory track]: Query asset bundle start:301.49MB, end 301.50MB, increase: 10.14KB
26-11-2024 20:01:46-debug: // ---- build task Sort some build options to settings.json ----
26-11-2024 20:01:46-debug: run build task Sort some build options to settings.json success in 0 ms √12%
26-11-2024 20:01:46-debug: // ---- build task Fill script data to settings ----
26-11-2024 20:01:46-debug: Fill script data to settings start12%
26-11-2024 20:01:46-debug: [Build Memory track]: Sort some build options to settings.json start:301.51MB, end 301.52MB, increase: 10.39KB
26-11-2024 20:01:46-debug: // ---- build task Fill script data to settings ---- (1ms)
26-11-2024 20:01:46-debug: run build task Fill script data to settings success in 1 ms √13%
26-11-2024 20:01:46-debug: // ---- build task Sort some build options to settings.json ----
26-11-2024 20:01:46-debug: Sort some build options to settings.json start13%
26-11-2024 20:01:46-debug: [Build Memory track]: Fill script data to settings start:301.53MB, end 301.54MB, increase: 12.30KB
26-11-2024 20:01:46-debug: // ---- build task Sort some build options to settings.json ---- (1ms)
26-11-2024 20:01:46-debug: run build task Sort some build options to settings.json success in 1 ms √15%
26-11-2024 20:01:46-debug: [Build Memory track]: Sort some build options to settings.json start:301.55MB, end 301.66MB, increase: 112.75KB
